2023-08-25 21:38:14.168 [info] Log level: Info
2023-08-25 21:38:14.169 [info] Validating found git in: "git"
2023-08-25 21:38:14.169 [info] Using git "2.34.1" from "git"
2023-08-25 21:38:14.169 [info] > git rev-parse --show-toplevel [11ms]
2023-08-25 21:38:14.169 [info] fatal: not a git repository (or any of the parent directories): .git
2023-08-25 21:38:14.169 [info] > git rev-parse --show-toplevel [27ms]
2023-08-25 21:38:14.169 [info] fatal: not a git repository (or any of the parent directories): .git
2023-08-25 21:38:14.301 [info] > git rev-parse --show-toplevel [132ms]
2023-08-25 21:38:14.301 [info] fatal: not a git repository (or any of the parent directories): .git
2023-08-25 21:38:14.371 [info] > git rev-parse --show-toplevel [8ms]
2023-08-25 21:38:14.371 [info] fatal: not a git repository (or any of the parent directories): .git
2023-08-25 21:38:14.407 [info] > git rev-parse --show-toplevel [8ms]
2023-08-25 21:38:14.407 [info] fatal: not a git repository (or any of the parent directories): .git
2023-08-25 21:38:14.440 [info] > git rev-parse --show-toplevel [3ms]
2023-08-25 21:38:14.440 [info] fatal: not a git repository (or any of the parent directories): .git
2023-08-25 21:38:14.480 [info] > git rev-parse --show-toplevel [17ms]
2023-08-25 21:38:14.480 [info] fatal: not a git repository (or any of the parent directories): .git
2023-08-25 21:38:14.510 [info] > git rev-parse --show-toplevel [3ms]
2023-08-25 21:38:14.510 [info] fatal: not a git repository (or any of the parent directories): .git
2023-08-25 21:38:14.528 [info] > git rev-parse --show-toplevel [1ms]
2023-08-25 21:38:14.528 [info] fatal: not a git repository (or any of the parent directories): .git
2023-08-25 21:38:14.565 [info] > git rev-parse --show-toplevel [3ms]
2023-08-25 21:38:14.565 [info] fatal: not a git repository (or any of the parent directories): .git
2023-08-26 03:01:07.249 [info] > git rev-parse --show-toplevel [10ms]
2023-08-26 03:01:07.249 [info] fatal: not a git repository (or any of the parent directories): .git
2023-08-29 01:59:14.714 [info] > git rev-parse --show-toplevel [34ms]
2023-08-29 01:59:14.723 [info] fatal: not a git repository (or any of the parent directories): .git
