2023-10-23 19:40:14.915 [info] Extension host with pid 20031 started
2023-10-23 19:40:14.938 [info] Lock '/home/ubuntu/.vscode-server/data/User/workspaceStorage/130283a93585d7afeb6bac7099024a62/vscode.lock': Lock acquired.
2023-10-23 19:40:15.094 [info] ExtensionService#_doActivateExtension vscode.emmet, startup: false, activationEvent: 'onLanguage'
2023-10-23 19:40:15.096 [info] ExtensionService#_doActivateExtension vscode.typescript-language-features, startup: false, activationEvent: 'onLanguage:javascript'
2023-10-23 19:40:15.685 [info] ExtensionService#_doActivateExtension vscode.git-base, startup: true, activationEvent: '*', root cause: vscode.git
2023-10-23 19:40:15.687 [info] ExtensionService#_doActivateExtension albert.TabOut, startup: true, activationEvent: '*'
2023-10-23 19:40:16.073 [info] ExtensionService#_doActivateExtension vscode.git, startup: true, activationEvent: '*'
2023-10-23 19:40:16.077 [info] ExtensionService#_doActivateExtension vscode.github, startup: true, activationEvent: '*'
2023-10-23 19:40:16.768 [info] Eager extensions activated
2023-10-23 19:40:16.768 [info] ExtensionService#_doActivateExtension vscode.debug-auto-launch, startup: false, activationEvent: 'onStartupFinished'
2023-10-23 19:40:16.770 [info] ExtensionService#_doActivateExtension vscode.merge-conflict, startup: false, activationEvent: 'onStartupFinished'
2023-10-23 20:27:44.822 [info] ExtensionService#_doActivateExtension ms-python.python, startup: false, activationEvent: 'onLanguage:python'
2023-10-23 20:27:45.376 [info] ExtensionService#_doActivateExtension ms-python.vscode-pylance, startup: false, activationEvent: 'onLanguage:python'
2023-10-23 20:31:45.330 [info] ExtensionService#_doActivateExtension vscode.npm, startup: false, activationEvent: 'onTerminalQuickFixRequest:ms-vscode.npm-command'
2023-10-23 20:37:55.354 [error] Error: read ECONNRESET
	at TLSWrap.onStreamRead (node:internal/stream_base_commons:217:20)
2023-10-23 20:57:03.063 [info] ExtensionService#_doActivateExtension vscode.extension-editing, startup: false, activationEvent: 'onLanguage:json'
2023-10-23 20:57:03.065 [info] ExtensionService#_doActivateExtension vscode.json-language-features, startup: false, activationEvent: 'onLanguage:json'
2023-10-23 20:58:24.957 [error] [ms-python.python] provider FAILED
2023-10-23 20:58:24.958 [error] TypeError: Cannot read properties of undefined (reading 'data')
	at /home/ubuntu/.vscode-server/extensions/ms-python.vscode-pylance-2023.10.40/dist/extension.bundle.js:1:132307
	at _0x1cbde4 (/home/ubuntu/.vscode-server/extensions/ms-python.vscode-pylance-2023.10.40/dist/extension.bundle.js:1:144091)
	at async ge.provideCompletionItems (/home/ubuntu/.vscode-server/bin/f1b07bd25dfad64b0167beb15359ae573aecd2cc/out/vs/workbench/api/node/extensionHostProcess.js:128:50662)
2023-10-23 20:58:24.977 [error] [ms-python.python] provider FAILED
2023-10-23 20:58:24.977 [error] TypeError: Cannot read properties of undefined (reading 'data')
	at /home/ubuntu/.vscode-server/extensions/ms-python.vscode-pylance-2023.10.40/dist/extension.bundle.js:1:132307
	at _0x1cbde4 (/home/ubuntu/.vscode-server/extensions/ms-python.vscode-pylance-2023.10.40/dist/extension.bundle.js:1:144091)
	at async ge.provideCompletionItems (/home/ubuntu/.vscode-server/bin/f1b07bd25dfad64b0167beb15359ae573aecd2cc/out/vs/workbench/api/node/extensionHostProcess.js:128:50662)
2023-10-23 21:02:22.884 [error] Error: read ECONNRESET
	at TLSWrap.onStreamRead (node:internal/stream_base_commons:217:20)
2023-10-23 21:23:55.126 [warning] [Decorations] CAPPING events from decorations provider vscode.git 10000
2023-10-23 21:23:56.711 [warning] [Decorations] CAPPING events from decorations provider vscode.git 10000
2023-10-23 21:27:16.018 [warning] [Decorations] CAPPING events from decorations provider vscode.git 10000
2023-10-23 21:27:37.735 [warning] [Decorations] CAPPING events from decorations provider vscode.git 10000
2023-10-23 21:28:45.004 [warning] [Decorations] CAPPING events from decorations provider vscode.git 10000
2023-10-23 21:28:46.820 [warning] [Decorations] CAPPING events from decorations provider vscode.git 10000
2023-10-23 21:29:52.579 [warning] [Decorations] CAPPING events from decorations provider vscode.git 10003
