2023-10-23 16:53:40.078 [info] Log level: Info
2023-10-23 16:53:40.078 [info] Validating found git in: "git"
2023-10-23 16:53:40.078 [info] Using git "2.34.1" from "git"
2023-10-23 16:53:40.078 [info] > git rev-parse --show-toplevel [16ms]
2023-10-23 16:53:40.078 [info] fatal: not a git repository (or any of the parent directories): .git
2023-10-23 16:53:40.078 [info] > git rev-parse --show-toplevel [9ms]
2023-10-23 16:53:40.081 [info] > git rev-parse --git-dir --git-common-dir [3ms]
2023-10-23 16:53:40.097 [info] Open repository: /home/ubuntu/stock_code/stockcode
2023-10-23 16:53:40.112 [info] > git config --get commit.template [8ms]
2023-10-23 16:53:40.114 [info] > git rev-parse --show-toplevel [4ms]
2023-10-23 16:53:40.114 [info] fatal: not a git repository (or any of the parent directories): .git
2023-10-23 16:53:40.156 [info] > git for-each-ref --format=%(refname)%00%(upstream:short)%00%(objectname)%00%(upstream:track)%00%(upstream:remotename)%00%(upstream:remoteref) refs/heads/master refs/remotes/master [37ms]
2023-10-23 16:53:40.165 [info] > git rev-parse --show-toplevel [39ms]
2023-10-23 16:53:40.165 [info] fatal: not a git repository (or any of the parent directories): .git
2023-10-23 16:53:40.174 [info] > git status -z -uall [12ms]
2023-10-23 16:53:40.192 [info] > git rev-parse --show-toplevel [20ms]
2023-10-23 16:53:40.192 [info] fatal: not a git repository (or any of the parent directories): .git
2023-10-23 16:53:40.201 [info] > git config --get commit.template [10ms]
2023-10-23 16:53:40.209 [info] > git rev-parse --show-toplevel [11ms]
2023-10-23 16:53:40.209 [info] fatal: not a git repository (or any of the parent directories): .git
2023-10-23 16:53:40.218 [info] > git for-each-ref --format=%(refname)%00%(upstream:short)%00%(objectname)%00%(upstream:track)%00%(upstream:remotename)%00%(upstream:remoteref) refs/heads/master refs/remotes/master [10ms]
2023-10-23 16:53:40.225 [info] > git rev-parse --show-toplevel [8ms]
2023-10-23 16:53:40.225 [info] fatal: not a git repository (or any of the parent directories): .git
2023-10-23 16:53:40.233 [info] > git status -z -uall [10ms]
2023-10-23 16:53:40.242 [info] > git rev-parse --show-toplevel [10ms]
2023-10-23 16:53:40.242 [info] fatal: not a git repository (or any of the parent directories): .git
2023-10-23 16:53:40.250 [info] > git rev-parse --show-toplevel [2ms]
2023-10-23 16:53:40.250 [info] fatal: not a git repository (or any of the parent directories): .git
2023-10-23 16:53:40.257 [info] > git rev-parse --show-toplevel [1ms]
2023-10-23 16:53:40.257 [info] fatal: not a git repository (or any of the parent directories): .git
2023-10-23 16:53:40.264 [info] > git rev-parse --show-toplevel [3ms]
2023-10-23 16:53:40.264 [info] fatal: not a git repository (or any of the parent directories): .git
2023-10-23 16:53:40.271 [info] > git rev-parse --show-toplevel [1ms]
2023-10-23 16:53:40.271 [info] fatal: not a git repository (or any of the parent directories): .git
2023-10-23 16:53:40.277 [info] > git rev-parse --show-toplevel [1ms]
2023-10-23 16:53:40.685 [info] > git check-ignore -v -z --stdin [1ms]
2023-10-23 16:53:41.290 [info] > git check-ignore -v -z --stdin [2ms]
2023-10-23 16:53:54.907 [info] > git show --textconv :test.py [8ms]
2023-10-23 16:53:54.909 [info] > git ls-files --stage -- /home/ubuntu/stock_code/stockcode/test.py [3ms]
2023-10-23 16:53:54.916 [info] > git cat-file -s 330ecb6b450712fe0726f27a7220700484a73e13 [2ms]
2023-10-23 16:56:21.414 [info] > git show --textconv :koreaconvert.py [9ms]
2023-10-23 16:56:21.415 [info] > git ls-files --stage -- /home/ubuntu/stock_code/stockcode/koreaconvert.py [3ms]
2023-10-23 16:56:21.423 [info] > git cat-file -s ef55366da91e5fc964c4751af5a67b1fd60852d8 [2ms]
2023-10-23 17:06:03.188 [info] > git config --get commit.template [1ms]
2023-10-23 17:06:03.197 [info] > git for-each-ref --format=%(refname)%00%(upstream:short)%00%(objectname)%00%(upstream:track)%00%(upstream:remotename)%00%(upstream:remoteref) refs/heads/master refs/remotes/master [2ms]
2023-10-23 17:06:03.205 [info] > git status -z -uall [2ms]
2023-10-23 17:06:03.854 [info] > git show --textconv :test.py [7ms]
2023-10-23 17:06:03.856 [info] > git ls-files --stage -- /home/ubuntu/stock_code/stockcode/test.py [3ms]
2023-10-23 17:06:03.864 [info] > git cat-file -s 330ecb6b450712fe0726f27a7220700484a73e13 [3ms]
2023-10-23 17:06:08.211 [info] > git show --textconv :koreaconvert.py [7ms]
2023-10-23 17:06:08.213 [info] > git ls-files --stage -- /home/ubuntu/stock_code/stockcode/koreaconvert.py [2ms]
2023-10-23 17:06:08.226 [info] > git cat-file -s ef55366da91e5fc964c4751af5a67b1fd60852d8 [9ms]
2023-10-23 17:06:08.230 [info] > git config --get commit.template [2ms]
2023-10-23 17:06:08.238 [info] > git for-each-ref --format=%(refname)%00%(upstream:short)%00%(objectname)%00%(upstream:track)%00%(upstream:remotename)%00%(upstream:remoteref) refs/heads/master refs/remotes/master [1ms]
2023-10-23 17:06:08.245 [info] > git status -z -uall [1ms]
2023-10-23 17:06:11.148 [info] > git show --textconv :test.py [6ms]
2023-10-23 17:06:11.151 [info] > git ls-files --stage -- /home/ubuntu/stock_code/stockcode/test.py [4ms]
2023-10-23 17:06:11.157 [info] > git cat-file -s 330ecb6b450712fe0726f27a7220700484a73e13 [2ms]
2023-10-23 17:06:18.333 [info] > git show --textconv :main.py [7ms]
2023-10-23 17:06:18.335 [info] > git ls-files --stage -- /home/ubuntu/stock_code/stockcode/main.py [4ms]
2023-10-23 17:06:18.342 [info] > git cat-file -s ffa2ed293c421306ccb9f927e00c166e3de7dfe8 [1ms]
2023-10-23 17:06:21.593 [info] > git show --textconv :oversea.py [7ms]
2023-10-23 17:06:21.594 [info] > git ls-files --stage -- /home/ubuntu/stock_code/stockcode/oversea.py [2ms]
2023-10-23 17:06:21.601 [info] > git cat-file -s 86f1c6a445ad83126bc0fbb47e2734063b29da06 [2ms]
2023-10-23 17:06:25.623 [info] > git show --textconv :main.py [6ms]
2023-10-23 17:06:25.625 [info] > git ls-files --stage -- /home/ubuntu/stock_code/stockcode/main.py [2ms]
2023-10-23 17:06:25.631 [info] > git cat-file -s ffa2ed293c421306ccb9f927e00c166e3de7dfe8 [2ms]
2023-10-23 17:06:27.242 [info] > git show --textconv :kospi.py [6ms]
2023-10-23 17:06:27.244 [info] > git ls-files --stage -- /home/ubuntu/stock_code/stockcode/kospi.py [3ms]
2023-10-23 17:06:27.250 [info] > git cat-file -s 33bfcee8fb1bf6f3bb219ca80613ec48ca5d6980 [1ms]
2023-10-23 17:06:27.831 [info] > git show --textconv :koreaconvert.py [8ms]
2023-10-23 17:06:27.831 [info] > git ls-files --stage -- /home/ubuntu/stock_code/stockcode/koreaconvert.py [3ms]
2023-10-23 17:06:27.837 [info] > git cat-file -s ef55366da91e5fc964c4751af5a67b1fd60852d8 [1ms]
2023-10-23 17:09:42.363 [info] > git config --get commit.template [6ms]
2023-10-23 17:09:42.363 [info] > git for-each-ref --format=%(refname)%00%(upstream:short)%00%(objectname)%00%(upstream:track)%00%(upstream:remotename)%00%(upstream:remoteref) refs/heads/master refs/remotes/master [2ms]
2023-10-23 17:09:42.370 [info] > git status -z -uall [2ms]
2023-10-23 17:10:54.849 [info] > git rev-parse --show-toplevel [15ms]
2023-10-23 17:10:54.849 [info] fatal: not a git repository (or any of the parent directories): .git
2023-10-23 17:10:58.346 [info] > git show --textconv :koreaconvert.py [12ms]
2023-10-23 17:10:58.351 [info] > git ls-files --stage -- /home/ubuntu/stock_code/stockcode/koreaconvert.py [6ms]
2023-10-23 17:10:58.371 [info] > git cat-file -s ef55366da91e5fc964c4751af5a67b1fd60852d8 [13ms]
2023-10-23 17:11:04.369 [info] > git rev-parse --show-toplevel [1ms]
2023-10-23 17:11:04.370 [info] fatal: not a git repository (or any of the parent directories): .git
2023-10-23 17:11:04.427 [info] > git rev-parse --show-toplevel [2ms]
2023-10-23 17:11:04.427 [info] fatal: not a git repository (or any of the parent directories): .git
2023-10-23 17:11:07.904 [info] > git show --textconv :koreaconvert.py [23ms]
2023-10-23 17:11:07.914 [info] > git ls-files --stage -- /home/ubuntu/stock_code/stockcode/koreaconvert.py [11ms]
2023-10-23 17:11:07.944 [info] > git cat-file -s ef55366da91e5fc964c4751af5a67b1fd60852d8 [13ms]
2023-10-23 17:11:29.233 [info] > git show --textconv :kospi.py [29ms]
2023-10-23 17:11:29.247 [info] > git ls-files --stage -- /home/ubuntu/stock_code/stockcode/kospi.py [15ms]
2023-10-23 17:11:29.256 [info] > git cat-file -s 33bfcee8fb1bf6f3bb219ca80613ec48ca5d6980 [2ms]
2023-10-23 17:12:48.364 [info] > git rev-parse --show-toplevel [1ms]
2023-10-23 17:12:48.364 [info] fatal: not a git repository (or any of the parent directories): .git
2023-10-23 17:13:04.486 [info] > git add -A -- . [5ms]
2023-10-23 17:13:04.505 [info] > git config --get commit.template [8ms]
2023-10-23 17:13:04.506 [info] > git for-each-ref --format=%(refname)%00%(upstream:short)%00%(objectname)%00%(upstream:track)%00%(upstream:remotename)%00%(upstream:remoteref) refs/heads/master refs/remotes/master [4ms]
2023-10-23 17:13:04.516 [info] > git status -z -uall [2ms]
2023-10-23 17:13:04.538 [info] > git -c user.useConfigOnly=true commit --quiet --allow-empty-message --file - [4ms]
2023-10-23 17:13:04.538 [info] Author identity unknown

*** Please tell me who you are.

Run

  git config --global user.email "you@example.com"
  git config --global user.name "Your Name"

to set your account's default identity.
Omit --global to set the identity only in this repository.

fatal: no email was given and auto-detection is disabled
2023-10-23 17:13:04.549 [info] > git config --get-all user.name [4ms]
2023-10-23 17:13:04.558 [info] > git config --get commit.template [2ms]
2023-10-23 17:13:04.566 [info] > git for-each-ref --format=%(refname)%00%(upstream:short)%00%(objectname)%00%(upstream:track)%00%(upstream:remotename)%00%(upstream:remoteref) refs/heads/master refs/remotes/master [2ms]
2023-10-23 17:13:04.574 [info] > git status -z -uall [1ms]
2023-10-23 17:13:11.146 [info] > git config --get commit.template [4ms]
2023-10-23 17:13:11.155 [info] > git for-each-ref --format=%(refname)%00%(upstream:short)%00%(objectname)%00%(upstream:track)%00%(upstream:remotename)%00%(upstream:remoteref) refs/heads/master refs/remotes/master [1ms]
2023-10-23 17:13:11.163 [info] > git status -z -uall [2ms]
2023-10-23 17:13:11.176 [info] > git ls-files --stage -- /home/ubuntu/stock_code/stockcode/kospi.py [1ms]
2023-10-23 17:13:11.183 [info] > git cat-file -s 33bfcee8fb1bf6f3bb219ca80613ec48ca5d6980 [1ms]
2023-10-23 17:13:11.293 [info] > git show --textconv :kospi.py [2ms]
2023-10-23 17:13:21.078 [info] > git -c user.useConfigOnly=true commit --quiet --allow-empty-message --file - [2ms]
2023-10-23 17:13:21.079 [info] Author identity unknown

*** Please tell me who you are.

Run

  git config --global user.email "you@example.com"
  git config --global user.name "Your Name"

to set your account's default identity.
Omit --global to set the identity only in this repository.

fatal: no email was given and auto-detection is disabled
2023-10-23 17:13:21.087 [info] > git config --get-all user.name [1ms]
2023-10-23 17:13:21.102 [info] > git config --get commit.template [7ms]
2023-10-23 17:13:21.104 [info] > git for-each-ref --format=%(refname)%00%(upstream:short)%00%(objectname)%00%(upstream:track)%00%(upstream:remotename)%00%(upstream:remoteref) refs/heads/master refs/remotes/master [2ms]
2023-10-23 17:13:21.112 [info] > git status -z -uall [2ms]
2023-10-23 17:14:39.272 [info] > git show --textconv :koreaconvert.py [10ms]
2023-10-23 17:14:39.275 [info] > git ls-files --stage -- /home/ubuntu/stock_code/stockcode/koreaconvert.py [4ms]
2023-10-23 17:14:39.283 [info] > git cat-file -s 8e1575141084f06cfa8bf952436ee32e3a8cbc61 [2ms]
2023-10-23 17:14:42.057 [info] > git show --textconv :kospi.py [8ms]
2023-10-23 17:14:42.059 [info] > git ls-files --stage -- /home/ubuntu/stock_code/stockcode/kospi.py [3ms]
2023-10-23 17:14:42.068 [info] > git cat-file -s 33bfcee8fb1bf6f3bb219ca80613ec48ca5d6980 [3ms]
2023-10-23 17:15:17.160 [info] > git -c user.useConfigOnly=true commit --quiet --allow-empty-message --file - [2ms]
2023-10-23 17:15:17.160 [info] Author identity unknown

*** Please tell me who you are.

Run

  git config --global user.email "you@example.com"
  git config --global user.name "Your Name"

to set your account's default identity.
Omit --global to set the identity only in this repository.

fatal: no email was given and auto-detection is disabled
2023-10-23 17:15:17.167 [info] > git config --get-all user.name [1ms]
2023-10-23 17:15:17.176 [info] > git config --get commit.template [1ms]
2023-10-23 17:15:17.185 [info] > git for-each-ref --format=%(refname)%00%(upstream:short)%00%(objectname)%00%(upstream:track)%00%(upstream:remotename)%00%(upstream:remoteref) refs/heads/master refs/remotes/master [3ms]
2023-10-23 17:15:17.194 [info] > git status -z -uall [3ms]
2023-10-23 17:16:12.314 [info] > git rev-parse --show-toplevel [2ms]
2023-10-23 17:16:12.314 [info] fatal: not a git repository (or any of the parent directories): .git
2023-10-23 17:16:19.784 [info] > git rev-parse --show-toplevel [1ms]
2023-10-23 17:16:19.784 [info] fatal: not a git repository (or any of the parent directories): .git
2023-10-23 17:16:22.205 [info] > git -c user.useConfigOnly=true commit --quiet --allow-empty-message --file - [14ms]
2023-10-23 17:16:22.213 [info] > git config --get commit.template [1ms]
2023-10-23 17:16:22.222 [info] > git config --get commit.template [1ms]
2023-10-23 17:16:22.231 [info] > git for-each-ref --format=%(refname)%00%(upstream:short)%00%(objectname)%00%(upstream:track)%00%(upstream:remotename)%00%(upstream:remoteref) refs/heads/master refs/remotes/master [1ms]
2023-10-23 17:16:22.240 [info] > git status -z -uall [2ms]
2023-10-23 17:16:23.564 [info] > git push origin master:master [1305ms]
2023-10-23 17:16:23.564 [info] To https://github.com/tmdgkr07/stockcode.git
   5c4dbf1..b3237d7  master -> master
2023-10-23 17:16:23.583 [info] > git config --get commit.template [10ms]
2023-10-23 17:16:23.583 [info] > git for-each-ref --format=%(refname)%00%(upstream:short)%00%(objectname)%00%(upstream:track)%00%(upstream:remotename)%00%(upstream:remoteref) refs/heads/master refs/remotes/master [1ms]
2023-10-23 17:16:23.600 [info] > git status -z -uall [10ms]
2023-10-23 17:16:23.610 [info] > git ls-files --stage -- /home/ubuntu/stock_code/stockcode/kospi.py [11ms]
2023-10-23 17:16:23.619 [info] > git cat-file -s 33bfcee8fb1bf6f3bb219ca80613ec48ca5d6980 [1ms]
2023-10-23 17:16:23.696 [info] > git show --textconv :kospi.py [12ms]
2023-10-23 17:16:23.698 [info] > git config --get commit.template [3ms]
2023-10-23 17:16:23.708 [info] > git for-each-ref --format=%(refname)%00%(upstream:short)%00%(objectname)%00%(upstream:track)%00%(upstream:remotename)%00%(upstream:remoteref) refs/heads/master refs/remotes/master [3ms]
2023-10-23 17:16:23.717 [info] > git status -z -uall [2ms]
2023-10-23 17:16:24.835 [info] > git ls-files --stage -- /home/ubuntu/stock_code/stockcode/kospi.py [2ms]
2023-10-23 17:16:24.843 [info] > git cat-file -s 33bfcee8fb1bf6f3bb219ca80613ec48ca5d6980 [1ms]
2023-10-23 17:16:24.867 [info] > git show --textconv :kospi.py [2ms]
2023-10-23 17:16:30.063 [info] > git rev-parse --show-toplevel [17ms]
2023-10-23 17:16:30.063 [info] fatal: not a git repository (or any of the parent directories): .git
2023-10-23 17:16:30.579 [info] > git fetch [553ms]
2023-10-23 17:16:30.590 [info] > git config --get commit.template [1ms]
2023-10-23 17:16:30.598 [info] > git for-each-ref --format=%(refname)%00%(upstream:short)%00%(objectname)%00%(upstream:track)%00%(upstream:remotename)%00%(upstream:remoteref) refs/heads/master refs/remotes/master [1ms]
2023-10-23 17:16:30.608 [info] > git status -z -uall [1ms]
2023-10-23 17:16:31.734 [info] > git config --get commit.template [10ms]
2023-10-23 17:16:31.734 [info] > git for-each-ref --format=%(refname)%00%(upstream:short)%00%(objectname)%00%(upstream:track)%00%(upstream:remotename)%00%(upstream:remoteref) refs/heads/master refs/remotes/master [2ms]
2023-10-23 17:16:31.744 [info] > git status -z -uall [1ms]
2023-10-23 17:16:31.845 [info] > git ls-files --stage -- /home/ubuntu/stock_code/stockcode/kospi.py [2ms]
2023-10-23 17:16:31.853 [info] > git cat-file -s 33bfcee8fb1bf6f3bb219ca80613ec48ca5d6980 [1ms]
2023-10-23 17:16:31.918 [info] > git show --textconv :kospi.py [2ms]
2023-10-23 17:20:07.120 [info] > git fetch [505ms]
2023-10-23 17:20:07.140 [info] > git config --get commit.template [10ms]
2023-10-23 17:20:07.141 [info] > git for-each-ref --format=%(refname)%00%(upstream:short)%00%(objectname)%00%(upstream:track)%00%(upstream:remotename)%00%(upstream:remoteref) refs/heads/master refs/remotes/master [2ms]
2023-10-23 17:20:07.151 [info] > git status -z -uall [1ms]
2023-10-23 17:20:26.801 [info] > git config --get commit.template [10ms]
2023-10-23 17:20:26.802 [info] > git for-each-ref --format=%(refname)%00%(upstream:short)%00%(objectname)%00%(upstream:track)%00%(upstream:remotename)%00%(upstream:remoteref) refs/heads/master refs/remotes/master [2ms]
2023-10-23 17:20:26.812 [info] > git status -z -uall [1ms]
2023-10-23 17:20:26.827 [info] > git ls-files --stage -- /home/ubuntu/stock_code/stockcode/kospi.py [1ms]
2023-10-23 17:20:26.835 [info] > git cat-file -s 33bfcee8fb1bf6f3bb219ca80613ec48ca5d6980 [1ms]
2023-10-23 17:20:26.961 [info] > git show --textconv :kospi.py [3ms]
2023-10-23 17:21:28.314 [info] > git show --textconv :test.py [9ms]
2023-10-23 17:21:28.316 [info] > git ls-files --stage -- /home/ubuntu/stock_code/stockcode/test.py [3ms]
2023-10-23 17:21:28.326 [info] > git cat-file -s cbee2591c895c8ccef911703c8fdba5bf8e65372 [4ms]
2023-10-23 17:21:30.938 [info] > git show --textconv :koreaconvert.py [9ms]
2023-10-23 17:21:30.939 [info] > git ls-files --stage -- /home/ubuntu/stock_code/stockcode/koreaconvert.py [2ms]
2023-10-23 17:21:30.949 [info] > git cat-file -s 8e1575141084f06cfa8bf952436ee32e3a8cbc61 [2ms]
2023-10-23 17:21:39.022 [info] > git show --textconv :test.py [8ms]
2023-10-23 17:21:39.024 [info] > git ls-files --stage -- /home/ubuntu/stock_code/stockcode/test.py [3ms]
2023-10-23 17:21:39.033 [info] > git cat-file -s cbee2591c895c8ccef911703c8fdba5bf8e65372 [3ms]
2023-10-23 17:28:41.966 [info] > git fetch [750ms]
2023-10-23 17:28:41.966 [info] From https://github.com/tmdgkr07/stockcode
   b3237d7..1e123ea  master     -> origin/master
2023-10-23 17:28:41.984 [info] > git config --get commit.template [8ms]
2023-10-23 17:28:41.984 [info] > git for-each-ref --format=%(refname)%00%(upstream:short)%00%(objectname)%00%(upstream:track)%00%(upstream:remotename)%00%(upstream:remoteref) refs/heads/master refs/remotes/master [1ms]
2023-10-23 17:28:41.993 [info] > git status -z -uall [2ms]
2023-10-23 17:28:47.084 [info] > git config --get commit.template [8ms]
2023-10-23 17:28:47.084 [info] > git for-each-ref --format=%(refname)%00%(upstream:short)%00%(objectname)%00%(upstream:track)%00%(upstream:remotename)%00%(upstream:remoteref) refs/heads/master refs/remotes/master [2ms]
2023-10-23 17:28:47.094 [info] > git status -z -uall [3ms]
2023-10-23 17:28:47.106 [info] > git ls-files --stage -- /home/ubuntu/stock_code/stockcode/test.py [1ms]
2023-10-23 17:28:47.114 [info] > git cat-file -s cbee2591c895c8ccef911703c8fdba5bf8e65372 [1ms]
2023-10-23 17:28:47.155 [info] > git show --textconv :test.py [2ms]
2023-10-23 17:31:42.532 [info] > git fetch [517ms]
2023-10-23 17:31:42.548 [info] > git config --get commit.template [2ms]
2023-10-23 17:31:42.557 [info] > git for-each-ref --format=%(refname)%00%(upstream:short)%00%(objectname)%00%(upstream:track)%00%(upstream:remotename)%00%(upstream:remoteref) refs/heads/master refs/remotes/master [2ms]
2023-10-23 17:31:42.567 [info] > git status -z -uall [1ms]
2023-10-23 17:34:43.078 [info] > git fetch [494ms]
2023-10-23 17:34:43.099 [info] > git config --get commit.template [9ms]
2023-10-23 17:34:43.100 [info] > git for-each-ref --format=%(refname)%00%(upstream:short)%00%(objectname)%00%(upstream:track)%00%(upstream:remotename)%00%(upstream:remoteref) refs/heads/master refs/remotes/master [2ms]
2023-10-23 17:34:43.109 [info] > git status -z -uall [2ms]
2023-10-23 17:37:43.616 [info] > git fetch [494ms]
2023-10-23 17:37:43.633 [info] > git config --get commit.template [8ms]
2023-10-23 17:37:43.634 [info] > git for-each-ref --format=%(refname)%00%(upstream:short)%00%(objectname)%00%(upstream:track)%00%(upstream:remotename)%00%(upstream:remoteref) refs/heads/master refs/remotes/master [2ms]
2023-10-23 17:37:43.642 [info] > git status -z -uall [1ms]
2023-10-23 17:40:44.151 [info] > git fetch [496ms]
2023-10-23 17:40:44.169 [info] > git config --get commit.template [8ms]
2023-10-23 17:40:44.169 [info] > git for-each-ref --format=%(refname)%00%(upstream:short)%00%(objectname)%00%(upstream:track)%00%(upstream:remotename)%00%(upstream:remoteref) refs/heads/master refs/remotes/master [2ms]
2023-10-23 17:40:44.177 [info] > git status -z -uall [1ms]
2023-10-23 17:43:44.697 [info] > git fetch [506ms]
2023-10-23 17:43:44.714 [info] > git config --get commit.template [8ms]
2023-10-23 17:43:44.715 [info] > git for-each-ref --format=%(refname)%00%(upstream:short)%00%(objectname)%00%(upstream:track)%00%(upstream:remotename)%00%(upstream:remoteref) refs/heads/master refs/remotes/master [2ms]
2023-10-23 17:43:44.723 [info] > git status -z -uall [2ms]
2023-10-23 17:46:45.250 [info] > git fetch [514ms]
2023-10-23 17:46:45.267 [info] > git config --get commit.template [8ms]
2023-10-23 17:46:45.268 [info] > git for-each-ref --format=%(refname)%00%(upstream:short)%00%(objectname)%00%(upstream:track)%00%(upstream:remotename)%00%(upstream:remoteref) refs/heads/master refs/remotes/master [2ms]
2023-10-23 17:46:45.278 [info] > git status -z -uall [2ms]
2023-10-23 17:49:45.869 [info] > git fetch [576ms]
2023-10-23 17:49:45.887 [info] > git config --get commit.template [8ms]
2023-10-23 17:49:45.888 [info] > git for-each-ref --format=%(refname)%00%(upstream:short)%00%(objectname)%00%(upstream:track)%00%(upstream:remotename)%00%(upstream:remoteref) refs/heads/master refs/remotes/master [2ms]
2023-10-23 17:49:45.898 [info] > git status -z -uall [3ms]
2023-10-23 17:52:46.436 [info] > git fetch [520ms]
2023-10-23 17:52:46.456 [info] > git config --get commit.template [8ms]
2023-10-23 17:52:46.456 [info] > git for-each-ref --format=%(refname)%00%(upstream:short)%00%(objectname)%00%(upstream:track)%00%(upstream:remotename)%00%(upstream:remoteref) refs/heads/master refs/remotes/master [2ms]
2023-10-23 17:52:46.466 [info] > git status -z -uall [1ms]
2023-10-23 17:55:47.022 [info] > git fetch [538ms]
2023-10-23 17:55:47.043 [info] > git for-each-ref --format=%(refname)%00%(upstream:short)%00%(objectname)%00%(upstream:track)%00%(upstream:remotename)%00%(upstream:remoteref) refs/heads/master refs/remotes/master [1ms]
2023-10-23 17:55:47.044 [info] > git config --get commit.template [11ms]
2023-10-23 17:55:47.053 [info] > git status -z -uall [2ms]
2023-10-23 17:58:47.596 [info] > git fetch [525ms]
2023-10-23 17:58:47.615 [info] > git config --get commit.template [7ms]
2023-10-23 17:58:47.615 [info] > git for-each-ref --format=%(refname)%00%(upstream:short)%00%(objectname)%00%(upstream:track)%00%(upstream:remotename)%00%(upstream:remoteref) refs/heads/master refs/remotes/master [1ms]
2023-10-23 17:58:47.624 [info] > git status -z -uall [2ms]
2023-10-23 18:01:48.143 [info] > git fetch [504ms]
2023-10-23 18:01:48.162 [info] > git config --get commit.template [10ms]
2023-10-23 18:01:48.162 [info] > git for-each-ref --format=%(refname)%00%(upstream:short)%00%(objectname)%00%(upstream:track)%00%(upstream:remotename)%00%(upstream:remoteref) refs/heads/master refs/remotes/master [1ms]
2023-10-23 18:01:48.171 [info] > git status -z -uall [2ms]
2023-10-23 18:04:48.809 [info] > git fetch [615ms]
2023-10-23 18:04:48.829 [info] > git config --get commit.template [8ms]
2023-10-23 18:04:48.829 [info] > git for-each-ref --format=%(refname)%00%(upstream:short)%00%(objectname)%00%(upstream:track)%00%(upstream:remotename)%00%(upstream:remoteref) refs/heads/master refs/remotes/master [2ms]
2023-10-23 18:04:48.838 [info] > git status -z -uall [2ms]
2023-10-23 18:07:49.354 [info] > git fetch [501ms]
2023-10-23 18:07:49.372 [info] > git config --get commit.template [8ms]
2023-10-23 18:07:49.373 [info] > git for-each-ref --format=%(refname)%00%(upstream:short)%00%(objectname)%00%(upstream:track)%00%(upstream:remotename)%00%(upstream:remoteref) refs/heads/master refs/remotes/master [2ms]
2023-10-23 18:07:49.383 [info] > git status -z -uall [2ms]
2023-10-23 18:10:49.919 [info] > git fetch [522ms]
2023-10-23 18:10:49.936 [info] > git config --get commit.template [9ms]
2023-10-23 18:10:49.937 [info] > git for-each-ref --format=%(refname)%00%(upstream:short)%00%(objectname)%00%(upstream:track)%00%(upstream:remotename)%00%(upstream:remoteref) refs/heads/master refs/remotes/master [2ms]
2023-10-23 18:10:49.945 [info] > git status -z -uall [2ms]
2023-10-23 18:13:50.463 [info] > git fetch [505ms]
2023-10-23 18:13:50.481 [info] > git config --get commit.template [9ms]
2023-10-23 18:13:50.481 [info] > git for-each-ref --format=%(refname)%00%(upstream:short)%00%(objectname)%00%(upstream:track)%00%(upstream:remotename)%00%(upstream:remoteref) refs/heads/master refs/remotes/master [1ms]
2023-10-23 18:13:50.490 [info] > git status -z -uall [2ms]
2023-10-23 18:16:51.025 [info] > git fetch [522ms]
2023-10-23 18:16:51.044 [info] > git for-each-ref --format=%(refname)%00%(upstream:short)%00%(objectname)%00%(upstream:track)%00%(upstream:remotename)%00%(upstream:remoteref) refs/heads/master refs/remotes/master [3ms]
2023-10-23 18:16:51.044 [info] > git config --get commit.template [10ms]
2023-10-23 18:16:51.052 [info] > git status -z -uall [1ms]
2023-10-23 18:19:51.584 [info] > git fetch [516ms]
2023-10-23 18:19:51.605 [info] > git config --get commit.template [8ms]
2023-10-23 18:19:51.606 [info] > git for-each-ref --format=%(refname)%00%(upstream:short)%00%(objectname)%00%(upstream:track)%00%(upstream:remotename)%00%(upstream:remoteref) refs/heads/master refs/remotes/master [2ms]
2023-10-23 18:19:51.615 [info] > git status -z -uall [2ms]
2023-10-23 18:22:52.149 [info] > git fetch [518ms]
2023-10-23 18:22:52.168 [info] > git config --get commit.template [8ms]
2023-10-23 18:22:52.168 [info] > git for-each-ref --format=%(refname)%00%(upstream:short)%00%(objectname)%00%(upstream:track)%00%(upstream:remotename)%00%(upstream:remoteref) refs/heads/master refs/remotes/master [2ms]
2023-10-23 18:22:52.177 [info] > git status -z -uall [2ms]
2023-10-23 18:25:52.692 [info] > git fetch [501ms]
2023-10-23 18:25:52.711 [info] > git config --get commit.template [8ms]
2023-10-23 18:25:52.714 [info] > git for-each-ref --format=%(refname)%00%(upstream:short)%00%(objectname)%00%(upstream:track)%00%(upstream:remotename)%00%(upstream:remoteref) refs/heads/master refs/remotes/master [2ms]
2023-10-23 18:25:52.723 [info] > git status -z -uall [2ms]
2023-10-23 18:28:53.282 [info] > git fetch [543ms]
2023-10-23 18:28:53.302 [info] > git config --get commit.template [9ms]
2023-10-23 18:28:53.303 [info] > git for-each-ref --format=%(refname)%00%(upstream:short)%00%(objectname)%00%(upstream:track)%00%(upstream:remotename)%00%(upstream:remoteref) refs/heads/master refs/remotes/master [2ms]
2023-10-23 18:28:53.314 [info] > git status -z -uall [2ms]
2023-10-23 18:31:53.905 [info] > git fetch [570ms]
2023-10-23 18:31:53.923 [info] > git config --get commit.template [9ms]
2023-10-23 18:31:53.924 [info] > git for-each-ref --format=%(refname)%00%(upstream:short)%00%(objectname)%00%(upstream:track)%00%(upstream:remotename)%00%(upstream:remoteref) refs/heads/master refs/remotes/master [2ms]
2023-10-23 18:31:53.933 [info] > git status -z -uall [1ms]
2023-10-23 18:34:54.453 [info] > git fetch [497ms]
2023-10-23 18:34:54.473 [info] > git config --get commit.template [8ms]
2023-10-23 18:34:54.473 [info] > git for-each-ref --format=%(refname)%00%(upstream:short)%00%(objectname)%00%(upstream:track)%00%(upstream:remotename)%00%(upstream:remoteref) refs/heads/master refs/remotes/master [2ms]
2023-10-23 18:34:54.482 [info] > git status -z -uall [1ms]
2023-10-23 18:37:54.997 [info] > git fetch [499ms]
2023-10-23 18:37:55.016 [info] > git config --get commit.template [8ms]
2023-10-23 18:37:55.016 [info] > git for-each-ref --format=%(refname)%00%(upstream:short)%00%(objectname)%00%(upstream:track)%00%(upstream:remotename)%00%(upstream:remoteref) refs/heads/master refs/remotes/master [2ms]
2023-10-23 18:37:55.025 [info] > git status -z -uall [2ms]
2023-10-23 18:40:55.527 [info] > git fetch [491ms]
2023-10-23 18:40:55.539 [info] > git config --get commit.template [1ms]
2023-10-23 18:40:55.548 [info] > git for-each-ref --format=%(refname)%00%(upstream:short)%00%(objectname)%00%(upstream:track)%00%(upstream:remotename)%00%(upstream:remoteref) refs/heads/master refs/remotes/master [1ms]
2023-10-23 18:40:55.556 [info] > git status -z -uall [2ms]
2023-10-23 18:43:56.068 [info] > git fetch [499ms]
2023-10-23 18:43:56.085 [info] > git config --get commit.template [8ms]
2023-10-23 18:43:56.086 [info] > git for-each-ref --format=%(refname)%00%(upstream:short)%00%(objectname)%00%(upstream:track)%00%(upstream:remotename)%00%(upstream:remoteref) refs/heads/master refs/remotes/master [2ms]
2023-10-23 18:43:56.095 [info] > git status -z -uall [2ms]
2023-10-23 18:46:56.650 [info] > git fetch [542ms]
2023-10-23 18:46:56.670 [info] > git config --get commit.template [11ms]
2023-10-23 18:46:56.670 [info] > git for-each-ref --format=%(refname)%00%(upstream:short)%00%(objectname)%00%(upstream:track)%00%(upstream:remotename)%00%(upstream:remoteref) refs/heads/master refs/remotes/master [2ms]
2023-10-23 18:46:56.679 [info] > git status -z -uall [1ms]
2023-10-23 18:49:57.204 [info] > git fetch [505ms]
2023-10-23 18:49:57.222 [info] > git config --get commit.template [9ms]
2023-10-23 18:49:57.223 [info] > git for-each-ref --format=%(refname)%00%(upstream:short)%00%(objectname)%00%(upstream:track)%00%(upstream:remotename)%00%(upstream:remoteref) refs/heads/master refs/remotes/master [2ms]
2023-10-23 18:49:57.233 [info] > git status -z -uall [3ms]
2023-10-23 18:52:57.761 [info] > git fetch [512ms]
2023-10-23 18:52:57.778 [info] > git config --get commit.template [8ms]
2023-10-23 18:52:57.779 [info] > git for-each-ref --format=%(refname)%00%(upstream:short)%00%(objectname)%00%(upstream:track)%00%(upstream:remotename)%00%(upstream:remoteref) refs/heads/master refs/remotes/master [2ms]
2023-10-23 18:52:57.788 [info] > git status -z -uall [1ms]
2023-10-23 18:55:58.309 [info] > git fetch [505ms]
2023-10-23 18:55:58.327 [info] > git config --get commit.template [8ms]
2023-10-23 18:55:58.328 [info] > git for-each-ref --format=%(refname)%00%(upstream:short)%00%(objectname)%00%(upstream:track)%00%(upstream:remotename)%00%(upstream:remoteref) refs/heads/master refs/remotes/master [2ms]
2023-10-23 18:55:58.336 [info] > git status -z -uall [2ms]
2023-10-23 18:58:58.894 [info] > git fetch [537ms]
2023-10-23 18:58:58.914 [info] > git config --get commit.template [8ms]
2023-10-23 18:58:58.915 [info] > git for-each-ref --format=%(refname)%00%(upstream:short)%00%(objectname)%00%(upstream:track)%00%(upstream:remotename)%00%(upstream:remoteref) refs/heads/master refs/remotes/master [2ms]
2023-10-23 18:58:58.924 [info] > git status -z -uall [1ms]
2023-10-23 19:01:59.463 [info] > git fetch [524ms]
2023-10-23 19:01:59.474 [info] > git config --get commit.template [2ms]
2023-10-23 19:01:59.483 [info] > git for-each-ref --format=%(refname)%00%(upstream:short)%00%(objectname)%00%(upstream:track)%00%(upstream:remotename)%00%(upstream:remoteref) refs/heads/master refs/remotes/master [2ms]
2023-10-23 19:01:59.492 [info] > git status -z -uall [2ms]
2023-10-23 19:05:00.028 [info] > git fetch [513ms]
2023-10-23 19:05:00.049 [info] > git config --get commit.template [8ms]
2023-10-23 19:05:00.050 [info] > git for-each-ref --format=%(refname)%00%(upstream:short)%00%(objectname)%00%(upstream:track)%00%(upstream:remotename)%00%(upstream:remoteref) refs/heads/master refs/remotes/master [2ms]
2023-10-23 19:05:00.060 [info] > git status -z -uall [2ms]
2023-10-23 19:08:00.571 [info] > git fetch [496ms]
2023-10-23 19:08:00.588 [info] > git config --get commit.template [8ms]
2023-10-23 19:08:00.589 [info] > git for-each-ref --format=%(refname)%00%(upstream:short)%00%(objectname)%00%(upstream:track)%00%(upstream:remotename)%00%(upstream:remoteref) refs/heads/master refs/remotes/master [2ms]
2023-10-23 19:08:00.597 [info] > git status -z -uall [1ms]
2023-10-23 19:11:01.128 [info] > git fetch [517ms]
2023-10-23 19:11:01.140 [info] > git config --get commit.template [2ms]
2023-10-23 19:11:01.149 [info] > git for-each-ref --format=%(refname)%00%(upstream:short)%00%(objectname)%00%(upstream:track)%00%(upstream:remotename)%00%(upstream:remoteref) refs/heads/master refs/remotes/master [2ms]
2023-10-23 19:11:01.158 [info] > git status -z -uall [2ms]
2023-10-23 19:14:01.699 [info] > git fetch [528ms]
2023-10-23 19:14:01.716 [info] > git config --get commit.template [8ms]
2023-10-23 19:14:01.717 [info] > git for-each-ref --format=%(refname)%00%(upstream:short)%00%(objectname)%00%(upstream:track)%00%(upstream:remotename)%00%(upstream:remoteref) refs/heads/master refs/remotes/master [1ms]
2023-10-23 19:14:01.725 [info] > git status -z -uall [2ms]
2023-10-23 19:17:02.235 [info] > git fetch [497ms]
2023-10-23 19:17:02.253 [info] > git config --get commit.template [7ms]
2023-10-23 19:17:02.254 [info] > git for-each-ref --format=%(refname)%00%(upstream:short)%00%(objectname)%00%(upstream:track)%00%(upstream:remotename)%00%(upstream:remoteref) refs/heads/master refs/remotes/master [2ms]
2023-10-23 19:17:02.263 [info] > git status -z -uall [3ms]
2023-10-23 19:20:02.777 [info] > git fetch [501ms]
2023-10-23 19:20:02.794 [info] > git config --get commit.template [8ms]
2023-10-23 19:20:02.794 [info] > git for-each-ref --format=%(refname)%00%(upstream:short)%00%(objectname)%00%(upstream:track)%00%(upstream:remotename)%00%(upstream:remoteref) refs/heads/master refs/remotes/master [1ms]
2023-10-23 19:20:02.803 [info] > git status -z -uall [2ms]
2023-10-23 19:23:03.362 [info] > git fetch [540ms]
2023-10-23 19:23:03.381 [info] > git config --get commit.template [9ms]
2023-10-23 19:23:03.382 [info] > git for-each-ref --format=%(refname)%00%(upstream:short)%00%(objectname)%00%(upstream:track)%00%(upstream:remotename)%00%(upstream:remoteref) refs/heads/master refs/remotes/master [2ms]
2023-10-23 19:23:03.392 [info] > git status -z -uall [1ms]
2023-10-23 19:26:03.931 [info] > git fetch [518ms]
2023-10-23 19:26:03.952 [info] > git config --get commit.template [8ms]
2023-10-23 19:26:03.952 [info] > git for-each-ref --format=%(refname)%00%(upstream:short)%00%(objectname)%00%(upstream:track)%00%(upstream:remotename)%00%(upstream:remoteref) refs/heads/master refs/remotes/master [2ms]
2023-10-23 19:26:03.961 [info] > git status -z -uall [2ms]
2023-10-23 19:29:04.514 [info] > git fetch [536ms]
2023-10-23 19:29:04.532 [info] > git config --get commit.template [8ms]
2023-10-23 19:29:04.534 [info] > git for-each-ref --format=%(refname)%00%(upstream:short)%00%(objectname)%00%(upstream:track)%00%(upstream:remotename)%00%(upstream:remoteref) refs/heads/master refs/remotes/master [3ms]
2023-10-23 19:29:04.545 [info] > git status -z -uall [1ms]
2023-10-23 19:32:05.106 [info] > git fetch [542ms]
2023-10-23 19:32:05.127 [info] > git config --get commit.template [8ms]
2023-10-23 19:32:05.127 [info] > git for-each-ref --format=%(refname)%00%(upstream:short)%00%(objectname)%00%(upstream:track)%00%(upstream:remotename)%00%(upstream:remoteref) refs/heads/master refs/remotes/master [2ms]
2023-10-23 19:32:05.137 [info] > git status -z -uall [1ms]
2023-10-23 19:35:05.646 [info] > git fetch [490ms]
2023-10-23 19:35:05.666 [info] > git config --get commit.template [9ms]
2023-10-23 19:35:05.667 [info] > git for-each-ref --format=%(refname)%00%(upstream:short)%00%(objectname)%00%(upstream:track)%00%(upstream:remotename)%00%(upstream:remoteref) refs/heads/master refs/remotes/master [2ms]
2023-10-23 19:35:05.677 [info] > git status -z -uall [2ms]
2023-10-23 19:38:06.241 [info] > git fetch [551ms]
2023-10-23 19:38:06.258 [info] > git config --get commit.template [7ms]
2023-10-23 19:38:06.258 [info] > git for-each-ref --format=%(refname)%00%(upstream:short)%00%(objectname)%00%(upstream:track)%00%(upstream:remotename)%00%(upstream:remoteref) refs/heads/master refs/remotes/master [1ms]
2023-10-23 19:38:06.267 [info] > git status -z -uall [2ms]
2023-10-23 19:41:06.763 [info] > git fetch [483ms]
2023-10-23 19:41:06.780 [info] > git config --get commit.template [8ms]
2023-10-23 19:41:06.781 [info] > git for-each-ref --format=%(refname)%00%(upstream:short)%00%(objectname)%00%(upstream:track)%00%(upstream:remotename)%00%(upstream:remoteref) refs/heads/master refs/remotes/master [2ms]
2023-10-23 19:41:06.791 [info] > git status -z -uall [2ms]
2023-10-23 19:44:07.324 [info] > git fetch [514ms]
2023-10-23 19:44:07.344 [info] > git config --get commit.template [8ms]
2023-10-23 19:44:07.345 [info] > git for-each-ref --format=%(refname)%00%(upstream:short)%00%(objectname)%00%(upstream:track)%00%(upstream:remotename)%00%(upstream:remoteref) refs/heads/master refs/remotes/master [3ms]
2023-10-23 19:44:07.354 [info] > git status -z -uall [2ms]
