2023-08-26 00:46:59.161 [info] Extension host with pid 60672 started
2023-08-26 00:46:59.175 [error] Error: EEXIST: file already exists, open '/home/ubuntu/.vscode-server/data/User/workspaceStorage/322f0de8c315cae2280fa8e4a8f28901/vscode.lock'
2023-08-26 00:46:59.180 [info] Lock '/home/ubuntu/.vscode-server/data/User/workspaceStorage/322f0de8c315cae2280fa8e4a8f28901/vscode.lock': Could not acquire lock, checking if the file is stale.
2023-08-26 00:46:59.200 [info] Lock '/home/ubuntu/.vscode-server/data/User/workspaceStorage/322f0de8c315cae2280fa8e4a8f28901/vscode.lock': The lock does not look stale, elapsed: 208 ms, giving up.
2023-08-26 00:46:59.239 [info] ExtensionService#_doActivateExtension vscode.git-base, startup: true, activationEvent: '*'
2023-08-26 00:46:59.263 [info] Lock '/home/ubuntu/.vscode-server/data/User/workspaceStorage/322f0de8c315cae2280fa8e4a8f28901-1/vscode.lock': Lock acquired.
2023-08-26 00:46:59.296 [info] ExtensionService#_doActivateExtension vscode.github, startup: true, activationEvent: '*'
2023-08-26 00:46:59.457 [info] Eager extensions activated
2023-08-26 00:46:59.457 [info] ExtensionService#_doActivateExtension vscode.debug-auto-launch, startup: false, activationEvent: 'onStartupFinished'
2023-08-26 00:46:59.458 [info] ExtensionService#_doActivateExtension vscode.merge-conflict, startup: false, activationEvent: 'onStartupFinished'
2023-08-26 00:47:00.671 [info] ExtensionService#_doActivateExtension vscode.git, startup: false, activationEvent: 'api', root cause: vscode.github
2023-08-26 00:51:01.884 [info] ExtensionService#_doActivateExtension vscode.emmet, startup: false, activationEvent: 'onLanguage'
2023-08-26 00:52:04.050 [info] ExtensionService#_doActivateExtension vscode.typescript-language-features, startup: false, activationEvent: 'onLanguage:javascript'
2023-08-26 01:26:48.079 [error] Error: read ECONNRESET
	at TLSWrap.onStreamRead (node:internal/stream_base_commons:217:20)
2023-08-26 02:56:30.430 [error] Error: read ECONNRESET
	at TLSWrap.onStreamRead (node:internal/stream_base_commons:217:20)
2023-08-26 03:01:07.046 [info] ExtensionService#_doActivateExtension albert.TabOut, startup: false, activationEvent: '*'
2023-08-26 07:09:07.606 [info] Extension host terminating: received terminate message from renderer
2023-08-26 07:09:07.609 [info] Lock '/home/ubuntu/.vscode-server/data/User/workspaceStorage/322f0de8c315cae2280fa8e4a8f28901-1/vscode.lock': Marking the lockfile as scheduled to be released in 6000 ms.
2023-08-26 07:09:07.692 [info] Extension host with pid 60672 exiting with code 0
