2023-10-23 00:17:08.596 [info] Extension host with pid 1771 started
2023-10-23 00:17:08.610 [error] Error: EEXIST: file already exists, open '/home/ubuntu/.vscode-server/data/User/workspaceStorage/130283a93585d7afeb6bac7099024a62/vscode.lock'
2023-10-23 00:17:08.619 [info] Lock '/home/ubuntu/.vscode-server/data/User/workspaceStorage/130283a93585d7afeb6bac7099024a62/vscode.lock': Could not acquire lock, checking if the file is stale.
2023-10-23 00:17:08.634 [info] Lock '/home/ubuntu/.vscode-server/data/User/workspaceStorage/130283a93585d7afeb6bac7099024a62/vscode.lock': The lock does not look stale, elapsed: 913 ms, giving up.
2023-10-23 00:17:08.664 [info] ExtensionService#_doActivateExtension vscode.typescript-language-features, startup: false, activationEvent: 'onLanguage:javascript'
2023-10-23 00:17:08.669 [info] ExtensionService#_doActivateExtension vscode.emmet, startup: false, activationEvent: 'onLanguage'
2023-10-23 00:17:08.748 [info] Lock '/home/ubuntu/.vscode-server/data/User/workspaceStorage/130283a93585d7afeb6bac7099024a62-1/vscode.lock': Lock acquired.
2023-10-23 00:17:09.176 [info] ExtensionService#_doActivateExtension vscode.git-base, startup: true, activationEvent: '*', root cause: vscode.git
2023-10-23 00:17:09.176 [info] ExtensionService#_doActivateExtension albert.TabOut, startup: true, activationEvent: '*'
2023-10-23 00:17:09.302 [info] ExtensionService#_doActivateExtension vscode.git, startup: true, activationEvent: '*'
2023-10-23 00:17:09.303 [info] ExtensionService#_doActivateExtension vscode.github, startup: true, activationEvent: '*'
2023-10-23 00:17:09.900 [info] Eager extensions activated
2023-10-23 00:17:09.903 [info] ExtensionService#_doActivateExtension vscode.debug-auto-launch, startup: false, activationEvent: 'onStartupFinished'
2023-10-23 00:17:09.905 [info] ExtensionService#_doActivateExtension vscode.merge-conflict, startup: false, activationEvent: 'onStartupFinished'
2023-10-23 00:17:18.175 [info] ExtensionService#_doActivateExtension vscode.extension-editing, startup: false, activationEvent: 'onLanguage:json'
2023-10-23 00:17:18.178 [info] ExtensionService#_doActivateExtension vscode.json-language-features, startup: false, activationEvent: 'onLanguage:json'
2023-10-23 00:17:18.179 [info] ExtensionService#_doActivateExtension vscode.npm, startup: false, activationEvent: 'onLanguage:json'
2023-10-23 01:31:11.844 [info] Extension host terminating: received terminate message from renderer
2023-10-23 01:31:11.849 [info] Lock '/home/ubuntu/.vscode-server/data/User/workspaceStorage/130283a93585d7afeb6bac7099024a62-1/vscode.lock': Marking the lockfile as scheduled to be released in 6000 ms.
2023-10-23 01:31:11.950 [info] Extension host with pid 1771 exiting with code 0
