0 verbose cli /usr/local/bin/node /usr/local/bin/npm
1 info using npm@9.5.0
2 info using node@v18.15.0
3 timing npm:load:whichnode Completed in 0ms
4 timing config:load:defaults Completed in 18ms
5 timing config:load:file:/usr/local/lib/node_modules/npm/npmrc Completed in 1ms
6 timing config:load:builtin Completed in 1ms
7 timing config:load:cli Completed in 2ms
8 timing config:load:env Completed in 0ms
9 timing config:load:file:/home/ubuntu/.cache/typescript/5.2/.npmrc Completed in 0ms
10 timing config:load:project Completed in 1ms
11 timing config:load:file:/home/ubuntu/.npmrc Completed in 0ms
12 timing config:load:user Completed in 0ms
13 timing config:load:file:/usr/local/etc/npmrc Completed in 0ms
14 timing config:load:global Completed in 1ms
15 timing config:load:setEnvs Completed in 1ms
16 timing config:load Completed in 25ms
17 timing npm:load:configload Completed in 25ms
18 timing npm:load:mkdirpcache Completed in 0ms
19 timing npm:load:mkdirplogs Completed in 0ms
20 verbose title npm install @types/express@ts5.2 @types/node@ts5.2 @types/node-cron@ts5.2 @types/nodemon@ts5.2 @types/aws4@ts5.2 @types/isstream@ts5.2 @types/json-stringify-safe@ts5.2 @types/lodash@ts5.2 @types/merge-descriptors@ts5.2 @types/mime-types@ts5.2 @types/request@ts5.2 @types/serve-static@ts5.2 @types/body-parser@ts5.2 @types/caseless@ts5.2 @types/extend@ts5.2 @types/forever-agent@ts5.2 @types/http-signature@ts5.2 @types/is-typedarray@ts5.2
21 verbose argv "install" "--ignore-scripts" "@types/express@ts5.2" "@types/node@ts5.2" "@types/node-cron@ts5.2" "@types/nodemon@ts5.2" "@types/aws4@ts5.2" "@types/isstream@ts5.2" "@types/json-stringify-safe@ts5.2" "@types/lodash@ts5.2" "@types/merge-descriptors@ts5.2" "@types/mime-types@ts5.2" "@types/request@ts5.2" "@types/serve-static@ts5.2" "@types/body-parser@ts5.2" "@types/caseless@ts5.2" "@types/extend@ts5.2" "@types/forever-agent@ts5.2" "@types/http-signature@ts5.2" "@types/is-typedarray@ts5.2" "--save-dev" "--user-agent" "typesInstaller/5.2.2"
22 timing npm:load:setTitle Completed in 3ms
23 timing config:load:flatten Completed in 5ms
24 timing npm:load:display Completed in 5ms
25 verbose logfile logs-max:10 dir:/home/ubuntu/.npm/_logs/2023-10-23T10_40_23_007Z-
26 verbose logfile /home/ubuntu/.npm/_logs/2023-10-23T10_40_23_007Z-debug-0.log
27 timing npm:load:logFile Completed in 9ms
28 timing npm:load:timers Completed in 0ms
29 timing npm:load:configScope Completed in 0ms
30 timing npm:load Completed in 46ms
31 timing arborist:ctor Completed in 1ms
32 silly logfile start cleaning logs, removing 1 files
33 silly logfile done cleaning log files
34 timing idealTree:init Completed in 17ms
35 timing arborist:ctor Completed in 0ms
36 http fetch GET 200 https://registry.npmjs.org/@types%2fnode 229ms (cache revalidated)
37 http fetch GET 200 https://registry.npmjs.org/@types%2fexpress 253ms (cache revalidated)
38 http fetch GET 200 https://registry.npmjs.org/@types%2fextend 256ms (cache updated)
39 http fetch GET 200 https://registry.npmjs.org/@types%2fmime-types 260ms (cache updated)
40 http fetch GET 200 https://registry.npmjs.org/@types%2fbody-parser 261ms (cache updated)
41 http fetch GET 200 https://registry.npmjs.org/@types%2fserve-static 264ms (cache updated)
42 http fetch GET 200 https://registry.npmjs.org/@types%2flodash 275ms (cache updated)
43 http fetch GET 200 https://registry.npmjs.org/@types%2fhttp-signature 460ms (cache miss)
44 http fetch GET 200 https://registry.npmjs.org/@types%2faws4 515ms (cache updated)
45 http fetch GET 200 https://registry.npmjs.org/@types%2fnodemon 963ms (cache revalidated)
46 http fetch GET 200 https://registry.npmjs.org/@types%2fisstream 983ms (cache updated)
47 http fetch GET 200 https://registry.npmjs.org/@types%2frequest 1010ms (cache updated)
48 http fetch GET 200 https://registry.npmjs.org/@types%2fmerge-descriptors 1017ms (cache updated)
49 http fetch GET 200 https://registry.npmjs.org/@types%2fforever-agent 1038ms (cache updated)
50 http fetch GET 200 https://registry.npmjs.org/@types%2fjson-stringify-safe 1042ms (cache updated)
51 http fetch GET 200 https://registry.npmjs.org/@types%2fis-typedarray 1039ms (cache updated)
52 http fetch GET 200 https://registry.npmjs.org/@types%2fcaseless 1431ms (cache updated)
53 http fetch GET 200 https://registry.npmjs.org/@types%2fnode-cron 1463ms (cache revalidated)
54 timing idealTree:userRequests Completed in 1473ms
55 silly idealTree buildDeps
56 silly fetch manifest @types/node@20.8.7
57 silly fetch manifest @types/express@4.17.20
58 silly fetch manifest @types/extend@3.0.3
59 silly fetch manifest @types/mime-types@2.1.3
60 silly fetch manifest @types/body-parser@1.19.4
61 silly fetch manifest @types/serve-static@1.15.4
62 silly fetch manifest @types/lodash@4.14.200
63 silly fetch manifest @types/http-signature@1.3.2
64 silly fetch manifest @types/aws4@1.11.5
65 silly fetch manifest @types/nodemon@1.19.4
66 silly fetch manifest @types/isstream@0.1.1
67 silly fetch manifest @types/request@2.48.11
68 silly fetch manifest @types/merge-descriptors@1.0.2
69 silly fetch manifest @types/forever-agent@0.6.3
70 silly fetch manifest @types/json-stringify-safe@5.0.2
71 silly fetch manifest @types/is-typedarray@1.0.1
72 silly fetch manifest @types/caseless@0.12.4
73 silly fetch manifest @types/node-cron@3.0.10
74 silly placeDep ROOT @types/aws4@1.11.5 OK for:  want: 1.11.5
75 silly placeDep ROOT @types/body-parser@1.19.4 OK for:  want: 1.19.4
76 silly placeDep ROOT @types/caseless@0.12.4 OK for:  want: 0.12.4
77 silly placeDep ROOT @types/express@4.17.20 OK for:  want: 4.17.20
78 silly placeDep ROOT @types/extend@3.0.3 OK for:  want: 3.0.3
79 silly placeDep ROOT @types/forever-agent@0.6.3 OK for:  want: 0.6.3
80 silly placeDep ROOT @types/http-signature@1.3.2 OK for:  want: 1.3.2
81 silly placeDep ROOT @types/is-typedarray@1.0.1 OK for:  want: 1.0.1
82 silly placeDep ROOT @types/isstream@0.1.1 OK for:  want: 0.1.1
83 silly placeDep ROOT @types/json-stringify-safe@5.0.2 OK for:  want: 5.0.2
84 silly placeDep ROOT @types/lodash@4.14.200 OK for:  want: 4.14.200
85 silly placeDep ROOT @types/merge-descriptors@1.0.2 OK for:  want: 1.0.2
86 silly placeDep ROOT @types/mime-types@2.1.3 OK for:  want: 2.1.3
87 silly placeDep ROOT @types/node@20.8.7 OK for:  want: 20.8.7
88 silly placeDep ROOT @types/node-cron@3.0.10 OK for:  want: 3.0.10
89 silly placeDep ROOT @types/nodemon@1.19.4 OK for:  want: 1.19.4
90 silly placeDep ROOT @types/request@2.48.11 OK for:  want: 2.48.11
91 silly placeDep ROOT @types/serve-static@1.15.4 OK for:  want: 1.15.4
92 silly fetch manifest @types/connect@*
93 silly fetch manifest @types/express-serve-static-core@^4.17.33
94 silly fetch manifest @types/qs@*
95 silly fetch manifest undici-types@~5.25.1
96 silly fetch manifest @types/tough-cookie@*
97 silly fetch manifest form-data@^2.5.0
98 silly fetch manifest @types/http-errors@*
99 silly fetch manifest @types/mime@*
100 http fetch GET 200 https://registry.npmjs.org/undici-types 79ms (cache updated)
101 http fetch GET 200 https://registry.npmjs.org/form-data 81ms (cache revalidated)
102 http fetch GET 200 https://registry.npmjs.org/@types%2fconnect 105ms (cache updated)
103 http fetch GET 200 https://registry.npmjs.org/@types%2fmime 98ms (cache updated)
104 http fetch GET 200 https://registry.npmjs.org/@types%2fqs 106ms (cache updated)
105 http fetch GET 200 https://registry.npmjs.org/@types%2fhttp-errors 104ms (cache updated)
106 http fetch GET 200 https://registry.npmjs.org/@types%2fexpress-serve-static-core 115ms (cache updated)
107 http fetch GET 200 https://registry.npmjs.org/@types%2ftough-cookie 404ms (cache updated)
108 timing idealTree:#root Completed in 456ms
109 timing idealTree:node_modules/@types/aws4 Completed in 0ms
110 silly placeDep ROOT @types/connect@3.4.37 OK for: @types/body-parser@1.19.4 want: *
111 timing idealTree:node_modules/@types/body-parser Completed in 3ms
112 timing idealTree:node_modules/@types/caseless Completed in 0ms
113 timing idealTree:node_modules/@types/connect Completed in 0ms
114 silly placeDep ROOT @types/express-serve-static-core@4.17.39 OK for: @types/express@4.17.20 want: ^4.17.33
115 silly placeDep ROOT @types/qs@6.9.9 OK for: @types/express@4.17.20 want: *
116 silly fetch manifest @types/range-parser@*
117 silly fetch manifest @types/send@*
118 http fetch GET 200 https://registry.npmjs.org/@types%2fsend 41ms (cache updated)
119 http fetch GET 200 https://registry.npmjs.org/@types%2frange-parser 46ms (cache updated)
120 timing idealTree:node_modules/@types/express Completed in 51ms
121 silly placeDep ROOT @types/range-parser@1.2.6 OK for: @types/express-serve-static-core@4.17.39 want: *
122 silly placeDep ROOT @types/send@0.17.3 OK for: @types/express-serve-static-core@4.17.39 want: *
123 silly fetch manifest @types/mime@^1
124 timing idealTree:node_modules/@types/express-serve-static-core Completed in 6ms
125 timing idealTree:node_modules/@types/extend Completed in 0ms
126 timing idealTree:node_modules/@types/forever-agent Completed in 0ms
127 timing idealTree:node_modules/@types/http-signature Completed in 1ms
128 timing idealTree:node_modules/@types/is-typedarray Completed in 0ms
129 timing idealTree:node_modules/@types/isstream Completed in 0ms
130 timing idealTree:node_modules/@types/json-stringify-safe Completed in 0ms
131 timing idealTree:node_modules/@types/lodash Completed in 0ms
132 timing idealTree:node_modules/@types/merge-descriptors Completed in 0ms
133 timing idealTree:node_modules/@types/mime-types Completed in 0ms
134 silly placeDep ROOT undici-types@5.25.3 OK for: @types/node@20.8.7 want: ~5.25.1
135 timing idealTree:node_modules/@types/node Completed in 1ms
136 timing idealTree:node_modules/@types/node-cron Completed in 0ms
137 timing idealTree:node_modules/@types/nodemon Completed in 0ms
138 timing idealTree:node_modules/@types/qs Completed in 0ms
139 timing idealTree:node_modules/@types/range-parser Completed in 0ms
140 silly placeDep ROOT @types/tough-cookie@4.0.4 OK for: @types/request@2.48.11 want: *
141 silly placeDep ROOT form-data@2.5.1 OK for: @types/request@2.48.11 want: ^2.5.0
142 silly fetch manifest asynckit@^0.4.0
143 silly fetch manifest combined-stream@^1.0.6
144 silly fetch manifest mime-types@^2.1.12
145 http fetch GET 200 https://registry.npmjs.org/asynckit 32ms (cache revalidated)
146 http fetch GET 200 https://registry.npmjs.org/combined-stream 34ms (cache revalidated)
147 http fetch GET 200 https://registry.npmjs.org/mime-types 35ms (cache revalidated)
148 timing idealTree:node_modules/@types/request Completed in 43ms
149 silly placeDep ROOT @types/mime@1.3.4 OK for: @types/send@0.17.3 want: ^1
150 timing idealTree:node_modules/@types/send Completed in 2ms
151 timing idealTree:node_modules/@types/mime Completed in 0ms
152 silly placeDep ROOT @types/http-errors@2.0.3 OK for: @types/serve-static@1.15.4 want: *
153 timing idealTree:node_modules/@types/serve-static Completed in 2ms
154 timing idealTree:node_modules/@types/http-errors Completed in 0ms
155 timing idealTree:node_modules/@types/tough-cookie Completed in 0ms
156 silly placeDep ROOT asynckit@0.4.0 OK for: form-data@2.5.1 want: ^0.4.0
157 silly placeDep ROOT combined-stream@1.0.8 OK for: form-data@2.5.1 want: ^1.0.6
158 silly placeDep ROOT mime-types@2.1.35 OK for: form-data@2.5.1 want: ^2.1.12
159 silly fetch manifest delayed-stream@~1.0.0
160 silly fetch manifest mime-db@1.52.0
161 http fetch GET 200 https://registry.npmjs.org/mime-db 36ms (cache revalidated)
162 http fetch GET 200 https://registry.npmjs.org/delayed-stream 41ms (cache revalidated)
163 timing idealTree:node_modules/form-data Completed in 48ms
164 timing idealTree:node_modules/asynckit Completed in 0ms
165 silly placeDep ROOT delayed-stream@1.0.0 OK for: combined-stream@1.0.8 want: ~1.0.0
166 timing idealTree:node_modules/combined-stream Completed in 2ms
167 timing idealTree:node_modules/delayed-stream Completed in 0ms
168 silly placeDep ROOT mime-db@1.52.0 OK for: mime-types@2.1.35 want: 1.52.0
169 timing idealTree:node_modules/mime-types Completed in 1ms
170 timing idealTree:node_modules/mime-db Completed in 0ms
171 timing idealTree:node_modules/undici-types Completed in 0ms
172 timing idealTree:buildDeps Completed in 624ms
173 timing idealTree:fixDepFlags Completed in 1ms
174 timing idealTree Completed in 2116ms
175 timing reify:loadTrees Completed in 2117ms
176 timing reify:diffTrees Completed in 2ms
177 silly reify moves {}
178 timing reify:retireShallow Completed in 1ms
179 timing reify:createSparse Completed in 5ms
180 timing reify:loadBundles Completed in 0ms
181 silly audit bulk request {
181 silly audit   'types-registry': [ '0.1.666' ],
181 silly audit   '@types/aws4': [ '1.11.5' ],
181 silly audit   '@types/body-parser': [ '1.19.4' ],
181 silly audit   '@types/caseless': [ '0.12.4' ],
181 silly audit   '@types/express': [ '4.17.20' ],
181 silly audit   '@types/extend': [ '3.0.3' ],
181 silly audit   '@types/forever-agent': [ '0.6.3' ],
181 silly audit   '@types/http-signature': [ '1.3.2' ],
181 silly audit   '@types/is-typedarray': [ '1.0.1' ],
181 silly audit   '@types/isstream': [ '0.1.1' ],
181 silly audit   '@types/json-stringify-safe': [ '5.0.2' ],
181 silly audit   '@types/lodash': [ '4.14.200' ],
181 silly audit   '@types/merge-descriptors': [ '1.0.2' ],
181 silly audit   '@types/mime-types': [ '2.1.3' ],
181 silly audit   '@types/node': [ '20.8.7' ],
181 silly audit   '@types/node-cron': [ '3.0.10' ],
181 silly audit   '@types/nodemon': [ '1.19.4' ],
181 silly audit   '@types/request': [ '2.48.11' ],
181 silly audit   '@types/serve-static': [ '1.15.4' ],
181 silly audit   '@types/connect': [ '3.4.37' ],
181 silly audit   '@types/express-serve-static-core': [ '4.17.39' ],
181 silly audit   '@types/qs': [ '6.9.9' ],
181 silly audit   '@types/range-parser': [ '1.2.6' ],
181 silly audit   '@types/send': [ '0.17.3' ],
181 silly audit   'undici-types': [ '5.25.3' ],
181 silly audit   '@types/tough-cookie': [ '4.0.4' ],
181 silly audit   'form-data': [ '2.5.1' ],
181 silly audit   '@types/mime': [ '1.3.4' ],
181 silly audit   '@types/http-errors': [ '2.0.3' ],
181 silly audit   asynckit: [ '0.4.0' ],
181 silly audit   'combined-stream': [ '1.0.8' ],
181 silly audit   'mime-types': [ '2.1.35' ],
181 silly audit   'delayed-stream': [ '1.0.0' ],
181 silly audit   'mime-db': [ '1.52.0' ]
181 silly audit }
182 silly tarball no local data for @types/http-errors@https://registry.npmjs.org/@types/http-errors/-/http-errors-2.0.3.tgz. Extracting by manifest.
183 silly tarball no local data for @types/mime@https://registry.npmjs.org/@types/mime/-/mime-1.3.4.tgz. Extracting by manifest.
184 silly tarball no local data for @types/tough-cookie@https://registry.npmjs.org/@types/tough-cookie/-/tough-cookie-4.0.4.tgz. Extracting by manifest.
185 silly tarball no local data for @types/send@https://registry.npmjs.org/@types/send/-/send-0.17.3.tgz. Extracting by manifest.
186 silly tarball no local data for @types/range-parser@https://registry.npmjs.org/@types/range-parser/-/range-parser-1.2.6.tgz. Extracting by manifest.
187 silly tarball no local data for @types/qs@https://registry.npmjs.org/@types/qs/-/qs-6.9.9.tgz. Extracting by manifest.
188 silly tarball no local data for @types/express-serve-static-core@https://registry.npmjs.org/@types/express-serve-static-core/-/express-serve-static-core-4.17.39.tgz. Extracting by manifest.
189 silly tarball no local data for @types/connect@https://registry.npmjs.org/@types/connect/-/connect-3.4.37.tgz. Extracting by manifest.
190 silly tarball no local data for @types/serve-static@https://registry.npmjs.org/@types/serve-static/-/serve-static-1.15.4.tgz. Extracting by manifest.
191 silly tarball no local data for @types/request@https://registry.npmjs.org/@types/request/-/request-2.48.11.tgz. Extracting by manifest.
192 silly tarball no local data for @types/mime-types@https://registry.npmjs.org/@types/mime-types/-/mime-types-2.1.3.tgz. Extracting by manifest.
193 silly tarball no local data for @types/merge-descriptors@https://registry.npmjs.org/@types/merge-descriptors/-/merge-descriptors-1.0.2.tgz. Extracting by manifest.
194 silly tarball no local data for @types/lodash@https://registry.npmjs.org/@types/lodash/-/lodash-4.14.200.tgz. Extracting by manifest.
195 silly tarball no local data for @types/json-stringify-safe@https://registry.npmjs.org/@types/json-stringify-safe/-/json-stringify-safe-5.0.2.tgz. Extracting by manifest.
196 silly tarball no local data for @types/isstream@https://registry.npmjs.org/@types/isstream/-/isstream-0.1.1.tgz. Extracting by manifest.
197 silly tarball no local data for @types/is-typedarray@https://registry.npmjs.org/@types/is-typedarray/-/is-typedarray-1.0.1.tgz. Extracting by manifest.
198 silly tarball no local data for @types/http-signature@https://registry.npmjs.org/@types/http-signature/-/http-signature-1.3.2.tgz. Extracting by manifest.
199 silly tarball no local data for @types/forever-agent@https://registry.npmjs.org/@types/forever-agent/-/forever-agent-0.6.3.tgz. Extracting by manifest.
200 silly tarball no local data for @types/extend@https://registry.npmjs.org/@types/extend/-/extend-3.0.3.tgz. Extracting by manifest.
201 silly tarball no local data for @types/caseless@https://registry.npmjs.org/@types/caseless/-/caseless-0.12.4.tgz. Extracting by manifest.
202 silly tarball no local data for @types/body-parser@https://registry.npmjs.org/@types/body-parser/-/body-parser-1.19.4.tgz. Extracting by manifest.
203 silly tarball no local data for @types/aws4@https://registry.npmjs.org/@types/aws4/-/aws4-1.11.5.tgz. Extracting by manifest.
204 http fetch POST 200 https://registry.npmjs.org/-/npm/v1/security/advisories/bulk 178ms
205 timing auditReport:getReport Completed in 183ms
206 silly audit report {}
207 timing auditReport:init Completed in 0ms
208 timing reify:audit Completed in 184ms
209 timing reifyNode:node_modules/@types/nodemon Completed in 210ms
210 timing reifyNode:node_modules/@types/node-cron Completed in 214ms
211 timing reifyNode:node_modules/@types/express Completed in 214ms
212 timing reifyNode:node_modules/combined-stream Completed in 228ms
213 timing reifyNode:node_modules/delayed-stream Completed in 235ms
214 timing reifyNode:node_modules/mime-types Completed in 234ms
215 http fetch GET 200 https://registry.npmjs.org/@types/range-parser/-/range-parser-1.2.6.tgz 210ms (cache miss)
216 timing reifyNode:node_modules/@types/range-parser Completed in 239ms
217 http fetch GET 200 https://registry.npmjs.org/@types/serve-static/-/serve-static-1.15.4.tgz 221ms (cache miss)
218 timing reifyNode:node_modules/@types/serve-static Completed in 254ms
219 http fetch GET 200 https://registry.npmjs.org/@types/connect/-/connect-3.4.37.tgz 222ms (cache miss)
220 timing reifyNode:node_modules/@types/connect Completed in 255ms
221 timing reifyNode:node_modules/form-data Completed in 260ms
222 http fetch GET 200 https://registry.npmjs.org/@types/send/-/send-0.17.3.tgz 234ms (cache miss)
223 timing reifyNode:node_modules/@types/send Completed in 261ms
224 http fetch GET 200 https://registry.npmjs.org/@types/http-errors/-/http-errors-2.0.3.tgz 239ms (cache miss)
225 timing reifyNode:node_modules/@types/http-errors Completed in 262ms
226 http fetch GET 200 https://registry.npmjs.org/@types/qs/-/qs-6.9.9.tgz 233ms (cache miss)
227 timing reifyNode:node_modules/@types/qs Completed in 262ms
228 http fetch GET 200 https://registry.npmjs.org/@types/request/-/request-2.48.11.tgz 234ms (cache miss)
229 timing reifyNode:node_modules/@types/request Completed in 269ms
230 http fetch GET 200 https://registry.npmjs.org/@types/caseless/-/caseless-0.12.4.tgz 216ms (cache miss)
231 timing reifyNode:node_modules/@types/caseless Completed in 271ms
232 http fetch GET 200 https://registry.npmjs.org/@types/express-serve-static-core/-/express-serve-static-core-4.17.39.tgz 247ms (cache miss)
233 timing reifyNode:node_modules/@types/express-serve-static-core Completed in 277ms
234 http fetch GET 200 https://registry.npmjs.org/@types/body-parser/-/body-parser-1.19.4.tgz 221ms (cache miss)
235 timing reifyNode:node_modules/@types/body-parser Completed in 277ms
236 timing reifyNode:node_modules/mime-db Completed in 281ms
237 timing reifyNode:node_modules/asynckit Completed in 282ms
238 http fetch GET 200 https://registry.npmjs.org/@types/json-stringify-safe/-/json-stringify-safe-5.0.2.tgz 244ms (cache miss)
239 timing reifyNode:node_modules/@types/json-stringify-safe Completed in 292ms
240 http fetch GET 200 https://registry.npmjs.org/@types/merge-descriptors/-/merge-descriptors-1.0.2.tgz 250ms (cache miss)
241 timing reifyNode:node_modules/@types/merge-descriptors Completed in 295ms
242 timing reifyNode:node_modules/undici-types Completed in 303ms
243 http fetch GET 200 https://registry.npmjs.org/@types/http-signature/-/http-signature-1.3.2.tgz 303ms (cache miss)
244 timing reifyNode:node_modules/@types/http-signature Completed in 356ms
245 http fetch GET 200 https://registry.npmjs.org/@types/is-typedarray/-/is-typedarray-1.0.1.tgz 308ms (cache miss)
246 timing reifyNode:node_modules/@types/is-typedarray Completed in 359ms
247 http fetch GET 200 https://registry.npmjs.org/@types/extend/-/extend-3.0.3.tgz 307ms (cache miss)
248 timing reifyNode:node_modules/@types/extend Completed in 360ms
249 timing reifyNode:node_modules/@types/node Completed in 460ms
250 http fetch GET 200 https://registry.npmjs.org/@types/lodash/-/lodash-4.14.200.tgz 496ms (cache miss)
251 timing reifyNode:node_modules/@types/lodash Completed in 543ms
252 http fetch GET 200 https://registry.npmjs.org/@types/tough-cookie/-/tough-cookie-4.0.4.tgz 679ms (cache miss)
253 timing reifyNode:node_modules/@types/tough-cookie Completed in 705ms
254 http fetch GET 200 https://registry.npmjs.org/@types/mime/-/mime-1.3.4.tgz 707ms (cache miss)
255 timing reifyNode:node_modules/@types/mime Completed in 733ms
256 http fetch GET 200 https://registry.npmjs.org/@types/mime-types/-/mime-types-2.1.3.tgz 717ms (cache miss)
257 timing reifyNode:node_modules/@types/mime-types Completed in 754ms
258 http fetch GET 200 https://registry.npmjs.org/@types/aws4/-/aws4-1.11.5.tgz 729ms (cache miss)
259 timing reifyNode:node_modules/@types/aws4 Completed in 786ms
260 http fetch GET 200 https://registry.npmjs.org/@types/forever-agent/-/forever-agent-0.6.3.tgz 744ms (cache miss)
261 timing reifyNode:node_modules/@types/forever-agent Completed in 797ms
262 http fetch GET 200 https://registry.npmjs.org/@types/isstream/-/isstream-0.1.1.tgz 778ms (cache miss)
263 timing reifyNode:node_modules/@types/isstream Completed in 827ms
264 timing reify:unpack Completed in 830ms
265 timing reify:unretire Completed in 0ms
266 timing build:queue Completed in 2ms
267 timing build:deps Completed in 2ms
268 timing build Completed in 2ms
269 timing reify:build Completed in 3ms
270 timing reify:trash Completed in 0ms
271 timing reify:save Completed in 24ms
272 timing reify Completed in 3004ms
273 silly ADD node_modules/mime-db
274 silly ADD node_modules/delayed-stream
275 silly ADD node_modules/mime-types
276 silly ADD node_modules/combined-stream
277 silly ADD node_modules/asynckit
278 silly ADD node_modules/@types/http-errors
279 silly ADD node_modules/@types/mime
280 silly ADD node_modules/form-data
281 silly ADD node_modules/@types/tough-cookie
282 silly ADD node_modules/undici-types
283 silly ADD node_modules/@types/send
284 silly ADD node_modules/@types/range-parser
285 silly ADD node_modules/@types/qs
286 silly ADD node_modules/@types/express-serve-static-core
287 silly ADD node_modules/@types/connect
288 silly ADD node_modules/@types/serve-static
289 silly ADD node_modules/@types/request
290 silly ADD node_modules/@types/nodemon
291 silly ADD node_modules/@types/node-cron
292 silly ADD node_modules/@types/node
293 silly ADD node_modules/@types/mime-types
294 silly ADD node_modules/@types/merge-descriptors
295 silly ADD node_modules/@types/lodash
296 silly ADD node_modules/@types/json-stringify-safe
297 silly ADD node_modules/@types/isstream
298 silly ADD node_modules/@types/is-typedarray
299 silly ADD node_modules/@types/http-signature
300 silly ADD node_modules/@types/forever-agent
301 silly ADD node_modules/@types/extend
302 silly ADD node_modules/@types/express
303 silly ADD node_modules/@types/caseless
304 silly ADD node_modules/@types/body-parser
305 silly ADD node_modules/@types/aws4
306 timing command:install Completed in 3015ms
307 verbose exit 0
308 timing npm Completed in 3076ms
309 info ok
