0 verbose cli /usr/local/bin/node /usr/local/bin/npm
1 info using npm@9.5.0
2 info using node@v18.15.0
3 timing npm:load:whichnode Completed in 6ms
4 timing config:load:defaults Completed in 8ms
5 timing config:load:file:/usr/local/lib/node_modules/npm/npmrc Completed in 0ms
6 timing config:load:builtin Completed in 0ms
7 timing config:load:cli Completed in 2ms
8 timing config:load:env Completed in 0ms
9 timing config:load:file:/home/ubuntu/.cache/typescript/5.1/.npmrc Completed in 0ms
10 timing config:load:project Completed in 1ms
11 timing config:load:file:/home/ubuntu/.npmrc Completed in 0ms
12 timing config:load:user Completed in 1ms
13 timing config:load:file:/usr/local/etc/npmrc Completed in 0ms
14 timing config:load:global Completed in 0ms
15 timing config:load:setEnvs Completed in 1ms
16 timing config:load Completed in 14ms
17 timing npm:load:configload Completed in 14ms
18 timing npm:load:mkdirpcache Completed in 0ms
19 timing npm:load:mkdirplogs Completed in 0ms
20 verbose title npm install @types/express@ts5.1 @types/node@ts5.1 @types/node-cron@ts5.1 @types/request-promise-native@ts5.1 @types/nodemon@ts5.1
21 verbose argv "install" "--ignore-scripts" "@types/express@ts5.1" "@types/node@ts5.1" "@types/node-cron@ts5.1" "@types/request-promise-native@ts5.1" "@types/nodemon@ts5.1" "--save-dev" "--user-agent" "typesInstaller/5.1.6"
22 timing npm:load:setTitle Completed in 2ms
23 timing config:load:flatten Completed in 4ms
24 timing npm:load:display Completed in 5ms
25 verbose logfile logs-max:10 dir:/home/ubuntu/.npm/_logs/2023-10-08T02_49_35_469Z-
26 verbose logfile /home/ubuntu/.npm/_logs/2023-10-08T02_49_35_469Z-debug-0.log
27 timing npm:load:logFile Completed in 6ms
28 timing npm:load:timers Completed in 0ms
29 timing npm:load:configScope Completed in 0ms
30 timing npm:load Completed in 34ms
31 timing arborist:ctor Completed in 1ms
32 silly logfile start cleaning logs, removing 1 files
33 silly logfile done cleaning log files
34 timing idealTree:init Completed in 57ms
35 timing arborist:ctor Completed in 0ms
36 http fetch GET 200 https://registry.npmjs.org/@types%2fnodemon 184ms (cache revalidated)
37 http fetch GET 200 https://registry.npmjs.org/@types%2fexpress 189ms (cache revalidated)
38 http fetch GET 200 https://registry.npmjs.org/@types%2fnode 230ms (cache updated)
39 http fetch GET 200 https://registry.npmjs.org/@types%2frequest-promise-native 1440ms (cache revalidated)
40 http fetch GET 200 https://registry.npmjs.org/@types%2fnode-cron 1456ms (cache revalidated)
41 timing idealTree:userRequests Completed in 1465ms
42 silly idealTree buildDeps
43 silly fetch manifest @types/express@4.17.18
44 silly fetch manifest @types/node@20.8.3
45 silly fetch manifest @types/node-cron@3.0.9
46 silly fetch manifest @types/nodemon@1.19.3
47 silly fetch manifest @types/request-promise-native@1.0.19
48 silly placeDep ROOT @types/express@4.17.18 REPLACE for:  want: 4.17.18
49 silly placeDep ROOT @types/node@20.8.3 REPLACE for:  want: 20.8.3
50 silly placeDep ROOT @types/node-cron@3.0.9 REPLACE for:  want: 3.0.9
51 silly placeDep ROOT @types/nodemon@1.19.3 REPLACE for:  want: 1.19.3
52 silly placeDep ROOT @types/request-promise-native@1.0.19 REPLACE for:  want: 1.0.19
53 timing idealTree:#root Completed in 19ms
54 timing idealTree:node_modules/@types/express Completed in 0ms
55 timing idealTree:node_modules/@types/node Completed in 0ms
56 timing idealTree:node_modules/@types/node-cron Completed in 0ms
57 timing idealTree:node_modules/@types/nodemon Completed in 0ms
58 timing idealTree:node_modules/@types/request-promise-native Completed in 0ms
59 timing idealTree:buildDeps Completed in 21ms
60 timing idealTree:fixDepFlags Completed in 0ms
61 timing idealTree Completed in 1548ms
62 timing reify:loadTrees Completed in 1550ms
63 timing reify:diffTrees Completed in 3ms
64 silly reify mark retired [ '/home/ubuntu/.cache/typescript/5.1/node_modules/@types/node' ]
65 silly reify moves {
65 silly reify   '/home/ubuntu/.cache/typescript/5.1/node_modules/@types/node': '/home/ubuntu/.cache/typescript/5.1/node_modules/@types/.node-uyIYzYOC'
65 silly reify }
66 timing reify:retireShallow Completed in 9ms
67 timing reify:createSparse Completed in 1ms
68 timing reify:loadBundles Completed in 0ms
69 silly audit bulk request {
69 silly audit   '@types/aws4': [ '1.11.3' ],
69 silly audit   '@types/body-parser': [ '1.19.2' ],
69 silly audit   '@types/caseless': [ '0.12.2' ],
69 silly audit   '@types/connect': [ '3.4.35' ],
69 silly audit   '@types/express-serve-static-core': [ '4.17.36' ],
69 silly audit   '@types/extend': [ '3.0.1' ],
69 silly audit   '@types/forever-agent': [ '0.6.1' ],
69 silly audit   '@types/http-errors': [ '2.0.1' ],
69 silly audit   '@types/is-typedarray': [ '1.0.0' ],
69 silly audit   '@types/isstream': [ '0.1.0' ],
69 silly audit   '@types/json-stringify-safe': [ '5.0.0' ],
69 silly audit   '@types/lodash': [ '4.14.197' ],
69 silly audit   '@types/merge-descriptors': [ '1.0.1' ],
69 silly audit   '@types/mime': [ '1.3.2' ],
69 silly audit   '@types/mime-types': [ '2.1.1' ],
69 silly audit   '@types/npm': [ '7.19.0' ],
69 silly audit   '@types/qs': [ '6.9.7' ],
69 silly audit   '@types/range-parser': [ '1.2.4' ],
69 silly audit   '@types/request': [ '2.48.8' ],
69 silly audit   '@types/send': [ '0.17.1' ],
69 silly audit   '@types/serve-static': [ '1.15.2' ],
69 silly audit   '@types/tough-cookie': [ '4.0.2' ],
69 silly audit   '@types/uuid': [ '9.0.2' ],
69 silly audit   asynckit: [ '0.4.0' ],
69 silly audit   'combined-stream': [ '1.0.8' ],
69 silly audit   'delayed-stream': [ '1.0.0' ],
69 silly audit   'form-data': [ '2.5.1' ],
69 silly audit   'mime-db': [ '1.52.0' ],
69 silly audit   'mime-types': [ '2.1.35' ],
69 silly audit   'types-registry': [ '0.1.664' ],
69 silly audit   '@types/express': [ '4.17.18' ],
69 silly audit   '@types/node': [ '20.8.3' ],
69 silly audit   '@types/node-cron': [ '3.0.9' ],
69 silly audit   '@types/nodemon': [ '1.19.3' ],
69 silly audit   '@types/request-promise-native': [ '1.0.19' ]
69 silly audit }
70 silly tarball no local data for @types/node@https://registry.npmjs.org/@types/node/-/node-20.8.3.tgz. Extracting by manifest.
71 http fetch POST 200 https://registry.npmjs.org/-/npm/v1/security/advisories/bulk 157ms
72 timing auditReport:getReport Completed in 161ms
73 silly audit report {}
74 timing auditReport:init Completed in 0ms
75 timing reify:audit Completed in 161ms
76 http fetch GET 200 https://registry.npmjs.org/@types/node/-/node-20.8.3.tgz 794ms (cache miss)
77 timing reifyNode:node_modules/@types/node Completed in 802ms
78 timing reify:unpack Completed in 802ms
79 timing reify:unretire Completed in 0ms
80 timing build:queue Completed in 0ms
81 timing build:deps Completed in 1ms
82 timing build Completed in 1ms
83 timing reify:build Completed in 1ms
84 timing reify:trash Completed in 7ms
85 timing reify:save Completed in 19ms
86 timing reify Completed in 2407ms
87 silly CHANGE node_modules/@types/node
88 timing command:install Completed in 2413ms
89 verbose exit 0
90 timing npm Completed in 2461ms
91 info ok
