0 verbose cli /usr/local/bin/node /usr/local/bin/npm
1 info using npm@9.5.0
2 info using node@v18.15.0
3 timing npm:load:whichnode Completed in 6ms
4 timing config:load:defaults Completed in 8ms
5 timing config:load:file:/usr/local/lib/node_modules/npm/npmrc Completed in 1ms
6 timing config:load:builtin Completed in 1ms
7 timing config:load:cli Completed in 2ms
8 timing config:load:env Completed in 0ms
9 timing config:load:file:/home/ubuntu/.cache/typescript/5.1/.npmrc Completed in 0ms
10 timing config:load:project Completed in 1ms
11 timing config:load:file:/home/ubuntu/.npmrc Completed in 0ms
12 timing config:load:user Completed in 1ms
13 timing config:load:file:/usr/local/etc/npmrc Completed in 0ms
14 timing config:load:global Completed in 0ms
15 timing config:load:setEnvs Completed in 1ms
16 timing config:load Completed in 15ms
17 timing npm:load:configload Completed in 15ms
18 timing npm:load:mkdirpcache Completed in 0ms
19 timing npm:load:mkdirplogs Completed in 0ms
20 verbose title npm install @types/express@ts5.1 @types/node-cron@ts5.1 @types/nodemon@ts5.1
21 verbose argv "install" "--ignore-scripts" "@types/express@ts5.1" "@types/node-cron@ts5.1" "@types/nodemon@ts5.1" "--save-dev" "--user-agent" "typesInstaller/5.1.6"
22 timing npm:load:setTitle Completed in 2ms
23 timing config:load:flatten Completed in 4ms
24 timing npm:load:display Completed in 5ms
25 verbose logfile logs-max:10 dir:/home/ubuntu/.npm/_logs/2023-10-22T13_49_10_833Z-
26 verbose logfile /home/ubuntu/.npm/_logs/2023-10-22T13_49_10_833Z-debug-0.log
27 timing npm:load:logFile Completed in 7ms
28 timing npm:load:timers Completed in 0ms
29 timing npm:load:configScope Completed in 0ms
30 timing npm:load Completed in 37ms
31 timing arborist:ctor Completed in 1ms
32 silly logfile start cleaning logs, removing 1 files
33 silly logfile done cleaning log files
34 timing idealTree:init Completed in 56ms
35 timing arborist:ctor Completed in 0ms
36 http fetch GET 200 https://registry.npmjs.org/@types%2fnodemon 160ms (cache updated)
37 http fetch GET 200 https://registry.npmjs.org/@types%2fexpress 187ms (cache updated)
38 http fetch GET 200 https://registry.npmjs.org/@types%2fnode-cron 1536ms (cache updated)
39 timing idealTree:userRequests Completed in 1544ms
40 silly idealTree buildDeps
41 silly fetch manifest @types/express@4.17.20
42 silly fetch manifest @types/node-cron@3.0.10
43 silly fetch manifest @types/nodemon@1.19.4
44 silly placeDep ROOT @types/express@4.17.20 REPLACE for:  want: 4.17.20
45 silly placeDep ROOT @types/node-cron@3.0.10 REPLACE for:  want: 3.0.10
46 silly placeDep ROOT @types/nodemon@1.19.4 REPLACE for:  want: 1.19.4
47 timing idealTree:#root Completed in 13ms
48 timing idealTree:node_modules/@types/express Completed in 0ms
49 timing idealTree:node_modules/@types/node-cron Completed in 0ms
50 timing idealTree:node_modules/@types/nodemon Completed in 0ms
51 timing idealTree:buildDeps Completed in 14ms
52 timing idealTree:fixDepFlags Completed in 1ms
53 timing idealTree Completed in 1620ms
54 timing reify:loadTrees Completed in 1621ms
55 timing reify:diffTrees Completed in 3ms
56 silly reify mark retired [ '/home/ubuntu/.cache/typescript/5.1/node_modules/@types/express' ]
57 silly reify mark retired [ '/home/ubuntu/.cache/typescript/5.1/node_modules/@types/node-cron' ]
58 silly reify mark retired [ '/home/ubuntu/.cache/typescript/5.1/node_modules/@types/nodemon' ]
59 silly reify moves {
59 silly reify   '/home/ubuntu/.cache/typescript/5.1/node_modules/@types/express': '/home/ubuntu/.cache/typescript/5.1/node_modules/@types/.express-nJrP0uyb',
59 silly reify   '/home/ubuntu/.cache/typescript/5.1/node_modules/@types/node-cron': '/home/ubuntu/.cache/typescript/5.1/node_modules/@types/.node-cron-g1QShC4A',
59 silly reify   '/home/ubuntu/.cache/typescript/5.1/node_modules/@types/nodemon': '/home/ubuntu/.cache/typescript/5.1/node_modules/@types/.nodemon-rtcmsvKI'
59 silly reify }
60 timing reify:retireShallow Completed in 6ms
61 timing reify:createSparse Completed in 1ms
62 timing reify:loadBundles Completed in 0ms
63 silly audit bulk request {
63 silly audit   '@types/aws4': [ '1.11.3' ],
63 silly audit   '@types/body-parser': [ '1.19.2' ],
63 silly audit   '@types/caseless': [ '0.12.2' ],
63 silly audit   '@types/connect': [ '3.4.35' ],
63 silly audit   '@types/express-serve-static-core': [ '4.17.36' ],
63 silly audit   '@types/extend': [ '3.0.1' ],
63 silly audit   '@types/forever-agent': [ '0.6.1' ],
63 silly audit   '@types/http-errors': [ '2.0.1' ],
63 silly audit   '@types/is-typedarray': [ '1.0.0' ],
63 silly audit   '@types/isstream': [ '0.1.0' ],
63 silly audit   '@types/json-stringify-safe': [ '5.0.0' ],
63 silly audit   '@types/lodash': [ '4.14.197' ],
63 silly audit   '@types/merge-descriptors': [ '1.0.1' ],
63 silly audit   '@types/mime': [ '1.3.2' ],
63 silly audit   '@types/mime-types': [ '2.1.1' ],
63 silly audit   '@types/node': [ '20.8.3' ],
63 silly audit   '@types/npm': [ '7.19.0' ],
63 silly audit   '@types/qs': [ '6.9.7' ],
63 silly audit   '@types/range-parser': [ '1.2.4' ],
63 silly audit   '@types/request': [ '2.48.8' ],
63 silly audit   '@types/request-promise-native': [ '1.0.19' ],
63 silly audit   '@types/send': [ '0.17.1' ],
63 silly audit   '@types/serve-static': [ '1.15.2' ],
63 silly audit   '@types/tough-cookie': [ '4.0.2' ],
63 silly audit   '@types/uuid': [ '9.0.2' ],
63 silly audit   asynckit: [ '0.4.0' ],
63 silly audit   'combined-stream': [ '1.0.8' ],
63 silly audit   'delayed-stream': [ '1.0.0' ],
63 silly audit   'form-data': [ '2.5.1' ],
63 silly audit   'mime-db': [ '1.52.0' ],
63 silly audit   'mime-types': [ '2.1.35' ],
63 silly audit   'types-registry': [ '0.1.666' ],
63 silly audit   '@types/express': [ '4.17.20' ],
63 silly audit   '@types/node-cron': [ '3.0.10' ],
63 silly audit   '@types/nodemon': [ '1.19.4' ]
63 silly audit }
64 silly tarball no local data for @types/nodemon@https://registry.npmjs.org/@types/nodemon/-/nodemon-1.19.4.tgz. Extracting by manifest.
65 silly tarball no local data for @types/node-cron@https://registry.npmjs.org/@types/node-cron/-/node-cron-3.0.10.tgz. Extracting by manifest.
66 silly tarball no local data for @types/express@https://registry.npmjs.org/@types/express/-/express-4.17.20.tgz. Extracting by manifest.
67 http fetch GET 200 https://registry.npmjs.org/@types/nodemon/-/nodemon-1.19.4.tgz 50ms (cache miss)
68 timing reifyNode:node_modules/@types/nodemon Completed in 60ms
69 http fetch POST 200 https://registry.npmjs.org/-/npm/v1/security/advisories/bulk 173ms
70 timing auditReport:getReport Completed in 177ms
71 silly audit report {}
72 timing auditReport:init Completed in 0ms
73 timing reify:audit Completed in 177ms
74 http fetch GET 200 https://registry.npmjs.org/@types/node-cron/-/node-cron-3.0.10.tgz 227ms (cache miss)
75 timing reifyNode:node_modules/@types/node-cron Completed in 237ms
76 http fetch GET 200 https://registry.npmjs.org/@types/express/-/express-4.17.20.tgz 748ms (cache miss)
77 timing reifyNode:node_modules/@types/express Completed in 760ms
78 timing reify:unpack Completed in 760ms
79 timing reify:unretire Completed in 1ms
80 timing build:queue Completed in 1ms
81 timing build:deps Completed in 1ms
82 timing build Completed in 1ms
83 timing reify:build Completed in 1ms
84 timing reify:trash Completed in 2ms
85 timing reify:save Completed in 18ms
86 timing reify Completed in 2432ms
87 silly CHANGE node_modules/@types/nodemon
88 silly CHANGE node_modules/@types/node-cron
89 silly CHANGE node_modules/@types/express
90 timing command:install Completed in 2439ms
91 verbose exit 0
92 timing npm Completed in 2493ms
93 info ok
