0 verbose cli /usr/local/bin/node /usr/local/bin/npm
1 info using npm@9.5.0
2 info using node@v18.15.0
3 timing npm:load:whichnode Completed in 3ms
4 timing config:load:defaults Completed in 2ms
5 timing config:load:file:/usr/local/lib/node_modules/npm/npmrc Completed in 0ms
6 timing config:load:builtin Completed in 1ms
7 timing config:load:cli Completed in 2ms
8 timing config:load:env Completed in 1ms
9 timing config:load:file:/home/ubuntu/.cache/typescript/5.1/.npmrc Completed in 0ms
10 timing config:load:project Completed in 1ms
11 timing config:load:file:/home/ubuntu/.npmrc Completed in 0ms
12 timing config:load:user Completed in 0ms
13 timing config:load:file:/usr/local/etc/npmrc Completed in 0ms
14 timing config:load:global Completed in 0ms
15 timing config:load:setEnvs Completed in 1ms
16 timing config:load Completed in 9ms
17 timing npm:load:configload Completed in 9ms
18 timing npm:load:mkdirpcache Completed in 0ms
19 timing npm:load:mkdirplogs Completed in 0ms
20 verbose title npm install types-registry@latest
21 verbose argv "install" "--ignore-scripts" "types-registry@latest"
22 timing npm:load:setTitle Completed in 2ms
23 timing config:load:flatten Completed in 4ms
24 timing npm:load:display Completed in 5ms
25 verbose logfile logs-max:10 dir:/home/ubuntu/.npm/_logs/2023-10-08T02_49_34_445Z-
26 verbose logfile /home/ubuntu/.npm/_logs/2023-10-08T02_49_34_445Z-debug-0.log
27 timing npm:load:logFile Completed in 6ms
28 timing npm:load:timers Completed in 0ms
29 timing npm:load:configScope Completed in 0ms
30 timing npm:load Completed in 25ms
31 timing arborist:ctor Completed in 0ms
32 silly logfile start cleaning logs, removing 1 files
33 silly logfile done cleaning log files
34 timing idealTree:init Completed in 56ms
35 timing arborist:ctor Completed in 0ms
36 http fetch GET 200 https://registry.npmjs.org/types-registry 212ms (cache updated)
37 timing idealTree:userRequests Completed in 223ms
38 silly idealTree buildDeps
39 silly fetch manifest types-registry@0.1.664
40 silly placeDep ROOT types-registry@0.1.664 REPLACE for:  want: 0.1.664
41 timing idealTree:#root Completed in 6ms
42 timing idealTree:node_modules/types-registry Completed in 1ms
43 timing idealTree:buildDeps Completed in 8ms
44 timing idealTree:fixDepFlags Completed in 0ms
45 timing idealTree Completed in 291ms
46 timing reify:loadTrees Completed in 292ms
47 timing reify:diffTrees Completed in 4ms
48 silly reify mark retired [ '/home/ubuntu/.cache/typescript/5.1/node_modules/types-registry' ]
49 silly reify moves {
49 silly reify   '/home/ubuntu/.cache/typescript/5.1/node_modules/types-registry': '/home/ubuntu/.cache/typescript/5.1/node_modules/.types-registry-K9MycMGX'
49 silly reify }
50 timing reify:retireShallow Completed in 6ms
51 timing reify:createSparse Completed in 1ms
52 timing reify:loadBundles Completed in 0ms
53 silly audit bulk request {
53 silly audit   '@types/aws4': [ '1.11.3' ],
53 silly audit   '@types/body-parser': [ '1.19.2' ],
53 silly audit   '@types/caseless': [ '0.12.2' ],
53 silly audit   '@types/connect': [ '3.4.35' ],
53 silly audit   '@types/express': [ '4.17.18' ],
53 silly audit   '@types/express-serve-static-core': [ '4.17.36' ],
53 silly audit   '@types/extend': [ '3.0.1' ],
53 silly audit   '@types/forever-agent': [ '0.6.1' ],
53 silly audit   '@types/http-errors': [ '2.0.1' ],
53 silly audit   '@types/is-typedarray': [ '1.0.0' ],
53 silly audit   '@types/isstream': [ '0.1.0' ],
53 silly audit   '@types/json-stringify-safe': [ '5.0.0' ],
53 silly audit   '@types/lodash': [ '4.14.197' ],
53 silly audit   '@types/merge-descriptors': [ '1.0.1' ],
53 silly audit   '@types/mime': [ '1.3.2' ],
53 silly audit   '@types/mime-types': [ '2.1.1' ],
53 silly audit   '@types/node': [ '20.8.2' ],
53 silly audit   '@types/node-cron': [ '3.0.9' ],
53 silly audit   '@types/nodemon': [ '1.19.3' ],
53 silly audit   '@types/npm': [ '7.19.0' ],
53 silly audit   '@types/qs': [ '6.9.7' ],
53 silly audit   '@types/range-parser': [ '1.2.4' ],
53 silly audit   '@types/request': [ '2.48.8' ],
53 silly audit   '@types/request-promise-native': [ '1.0.19' ],
53 silly audit   '@types/send': [ '0.17.1' ],
53 silly audit   '@types/serve-static': [ '1.15.2' ],
53 silly audit   '@types/tough-cookie': [ '4.0.2' ],
53 silly audit   '@types/uuid': [ '9.0.2' ],
53 silly audit   asynckit: [ '0.4.0' ],
53 silly audit   'combined-stream': [ '1.0.8' ],
53 silly audit   'delayed-stream': [ '1.0.0' ],
53 silly audit   'form-data': [ '2.5.1' ],
53 silly audit   'mime-db': [ '1.52.0' ],
53 silly audit   'mime-types': [ '2.1.35' ],
53 silly audit   'types-registry': [ '0.1.664' ]
53 silly audit }
54 silly tarball no local data for types-registry@https://registry.npmjs.org/types-registry/-/types-registry-0.1.664.tgz. Extracting by manifest.
55 http fetch GET 200 https://registry.npmjs.org/types-registry/-/types-registry-0.1.664.tgz 91ms (cache miss)
56 timing reifyNode:node_modules/types-registry Completed in 99ms
57 timing reify:unpack Completed in 99ms
58 timing reify:unretire Completed in 0ms
59 timing build:queue Completed in 0ms
60 timing build:deps Completed in 0ms
61 timing build Completed in 0ms
62 timing reify:build Completed in 1ms
63 timing reify:trash Completed in 1ms
64 timing reify:save Completed in 23ms
65 http fetch POST 200 https://registry.npmjs.org/-/npm/v1/security/advisories/bulk 150ms
66 timing auditReport:getReport Completed in 155ms
67 silly audit report {}
68 timing auditReport:init Completed in 0ms
69 timing reify:audit Completed in 155ms
70 timing reify Completed in 461ms
71 silly CHANGE node_modules/types-registry
72 timing command:install Completed in 466ms
73 verbose exit 0
74 timing npm Completed in 510ms
75 info ok
