0 verbose cli /usr/local/bin/node /usr/local/bin/npm
1 info using npm@9.5.0
2 info using node@v18.15.0
3 timing npm:load:whichnode Completed in 8ms
4 timing config:load:defaults Completed in 5ms
5 timing config:load:file:/usr/local/lib/node_modules/npm/npmrc Completed in 0ms
6 timing config:load:builtin Completed in 0ms
7 timing config:load:cli Completed in 2ms
8 timing config:load:env Completed in 0ms
9 timing config:load:file:/home/ubuntu/.cache/typescript/5.1/.npmrc Completed in 0ms
10 timing config:load:project Completed in 1ms
11 timing config:load:file:/home/ubuntu/.npmrc Completed in 0ms
12 timing config:load:user Completed in 1ms
13 timing config:load:file:/usr/local/etc/npmrc Completed in 0ms
14 timing config:load:global Completed in 0ms
15 timing config:load:setEnvs Completed in 2ms
16 timing config:load Completed in 13ms
17 timing npm:load:configload Completed in 13ms
18 timing npm:load:mkdirpcache Completed in 0ms
19 timing npm:load:mkdirplogs Completed in 0ms
20 verbose title npm install @types/node@ts5.1
21 verbose argv "install" "--ignore-scripts" "@types/node@ts5.1" "--save-dev" "--user-agent" "typesInstaller/5.1.6"
22 timing npm:load:setTitle Completed in 2ms
23 timing config:load:flatten Completed in 5ms
24 timing npm:load:display Completed in 6ms
25 verbose logfile logs-max:10 dir:/home/ubuntu/.npm/_logs/2023-10-05T05_42_19_617Z-
26 verbose logfile /home/ubuntu/.npm/_logs/2023-10-05T05_42_19_617Z-debug-0.log
27 timing npm:load:logFile Completed in 8ms
28 timing npm:load:timers Completed in 0ms
29 timing npm:load:configScope Completed in 0ms
30 timing npm:load Completed in 39ms
31 timing arborist:ctor Completed in 1ms
32 silly logfile start cleaning logs, removing 1 files
33 silly logfile done cleaning log files
34 timing idealTree:init Completed in 58ms
35 timing arborist:ctor Completed in 0ms
36 http fetch GET 200 https://registry.npmjs.org/@types%2fnode 215ms (cache updated)
37 timing idealTree:userRequests Completed in 231ms
38 silly idealTree buildDeps
39 silly fetch manifest @types/node@20.8.2
40 silly placeDep ROOT @types/node@20.8.2 REPLACE for:  want: 20.8.2
41 timing idealTree:#root Completed in 15ms
42 timing idealTree:node_modules/@types/node Completed in 0ms
43 timing idealTree:buildDeps Completed in 17ms
44 timing idealTree:fixDepFlags Completed in 1ms
45 timing idealTree Completed in 312ms
46 timing reify:loadTrees Completed in 312ms
47 timing reify:diffTrees Completed in 5ms
48 silly reify mark retired [ '/home/ubuntu/.cache/typescript/5.1/node_modules/@types/node' ]
49 silly reify moves {
49 silly reify   '/home/ubuntu/.cache/typescript/5.1/node_modules/@types/node': '/home/ubuntu/.cache/typescript/5.1/node_modules/@types/.node-uyIYzYOC'
49 silly reify }
50 timing reify:retireShallow Completed in 9ms
51 timing reify:createSparse Completed in 1ms
52 timing reify:loadBundles Completed in 0ms
53 silly audit bulk request {
53 silly audit   '@types/aws4': [ '1.11.3' ],
53 silly audit   '@types/body-parser': [ '1.19.2' ],
53 silly audit   '@types/caseless': [ '0.12.2' ],
53 silly audit   '@types/connect': [ '3.4.35' ],
53 silly audit   '@types/express': [ '4.17.18' ],
53 silly audit   '@types/express-serve-static-core': [ '4.17.36' ],
53 silly audit   '@types/extend': [ '3.0.1' ],
53 silly audit   '@types/forever-agent': [ '0.6.1' ],
53 silly audit   '@types/http-errors': [ '2.0.1' ],
53 silly audit   '@types/is-typedarray': [ '1.0.0' ],
53 silly audit   '@types/isstream': [ '0.1.0' ],
53 silly audit   '@types/json-stringify-safe': [ '5.0.0' ],
53 silly audit   '@types/lodash': [ '4.14.197' ],
53 silly audit   '@types/merge-descriptors': [ '1.0.1' ],
53 silly audit   '@types/mime': [ '1.3.2' ],
53 silly audit   '@types/mime-types': [ '2.1.1' ],
53 silly audit   '@types/node-cron': [ '3.0.9' ],
53 silly audit   '@types/nodemon': [ '1.19.3' ],
53 silly audit   '@types/npm': [ '7.19.0' ],
53 silly audit   '@types/qs': [ '6.9.7' ],
53 silly audit   '@types/range-parser': [ '1.2.4' ],
53 silly audit   '@types/request': [ '2.48.8' ],
53 silly audit   '@types/request-promise-native': [ '1.0.19' ],
53 silly audit   '@types/send': [ '0.17.1' ],
53 silly audit   '@types/serve-static': [ '1.15.2' ],
53 silly audit   '@types/tough-cookie': [ '4.0.2' ],
53 silly audit   '@types/uuid': [ '9.0.2' ],
53 silly audit   asynckit: [ '0.4.0' ],
53 silly audit   'combined-stream': [ '1.0.8' ],
53 silly audit   'delayed-stream': [ '1.0.0' ],
53 silly audit   'form-data': [ '2.5.1' ],
53 silly audit   'mime-db': [ '1.52.0' ],
53 silly audit   'mime-types': [ '2.1.35' ],
53 silly audit   'types-registry': [ '0.1.663' ],
53 silly audit   '@types/node': [ '20.8.2' ]
53 silly audit }
54 silly tarball no local data for @types/node@https://registry.npmjs.org/@types/node/-/node-20.8.2.tgz. Extracting by manifest.
55 http fetch POST 200 https://registry.npmjs.org/-/npm/v1/security/advisories/bulk 153ms
56 timing auditReport:getReport Completed in 157ms
57 silly audit report {}
58 timing auditReport:init Completed in 0ms
59 timing reify:audit Completed in 158ms
60 http fetch GET 200 https://registry.npmjs.org/@types/node/-/node-20.8.2.tgz 162ms (cache miss)
61 timing reifyNode:node_modules/@types/node Completed in 170ms
62 timing reify:unpack Completed in 170ms
63 timing reify:unretire Completed in 0ms
64 timing build:queue Completed in 0ms
65 timing build:deps Completed in 0ms
66 timing build Completed in 0ms
67 timing reify:build Completed in 1ms
68 timing reify:trash Completed in 7ms
69 timing reify:save Completed in 15ms
70 timing reify Completed in 538ms
71 silly CHANGE node_modules/@types/node
72 timing command:install Completed in 544ms
73 verbose exit 0
74 timing npm Completed in 597ms
75 info ok
