0 verbose cli /usr/local/bin/node /usr/local/bin/npm
1 info using npm@9.5.0
2 info using node@v18.15.0
3 timing npm:load:whichnode Completed in 2ms
4 timing config:load:defaults Completed in 3ms
5 timing config:load:file:/usr/local/lib/node_modules/npm/npmrc Completed in 1ms
6 timing config:load:builtin Completed in 1ms
7 timing config:load:cli Completed in 2ms
8 timing config:load:env Completed in 0ms
9 timing config:load:file:/home/ubuntu/.cache/typescript/5.1/.npmrc Completed in 0ms
10 timing config:load:project Completed in 1ms
11 timing config:load:file:/home/ubuntu/.npmrc Completed in 1ms
12 timing config:load:user Completed in 1ms
13 timing config:load:file:/usr/local/etc/npmrc Completed in 0ms
14 timing config:load:global Completed in 0ms
15 timing config:load:setEnvs Completed in 1ms
16 timing config:load Completed in 10ms
17 timing npm:load:configload Completed in 11ms
18 timing npm:load:mkdirpcache Completed in 0ms
19 timing npm:load:mkdirplogs Completed in 0ms
20 verbose title npm install @types/node@ts5.1
21 verbose argv "install" "--ignore-scripts" "@types/node@ts5.1" "--save-dev" "--user-agent" "typesInstaller/5.1.6"
22 timing npm:load:setTitle Completed in 25ms
23 timing config:load:flatten Completed in 11ms
24 timing npm:load:display Completed in 14ms
25 verbose logfile logs-max:10 dir:/home/ubuntu/.npm/_logs/2023-10-22T15_37_12_748Z-
26 verbose logfile /home/ubuntu/.npm/_logs/2023-10-22T15_37_12_748Z-debug-0.log
27 timing npm:load:logFile Completed in 16ms
28 timing npm:load:timers Completed in 0ms
29 timing npm:load:configScope Completed in 0ms
30 timing npm:load Completed in 68ms
31 timing arborist:ctor Completed in 1ms
32 silly logfile start cleaning logs, removing 1 files
33 silly logfile done cleaning log files
34 timing idealTree:init Completed in 64ms
35 timing arborist:ctor Completed in 0ms
36 http fetch GET 200 https://registry.npmjs.org/@types%2fnode 277ms (cache updated)
37 timing idealTree:userRequests Completed in 293ms
38 silly idealTree buildDeps
39 silly fetch manifest @types/node@20.8.7
40 silly placeDep ROOT @types/node@20.8.7 REPLACE for:  want: 20.8.7
41 silly fetch manifest undici-types@~5.25.1
42 http fetch GET 200 https://registry.npmjs.org/undici-types 40ms (cache miss)
43 timing idealTree:#root Completed in 53ms
44 silly placeDep ROOT undici-types@5.25.3 OK for: @types/node@20.8.7 want: ~5.25.1
45 timing idealTree:node_modules/@types/node Completed in 3ms
46 timing idealTree:node_modules/undici-types Completed in 0ms
47 timing idealTree:buildDeps Completed in 58ms
48 timing idealTree:fixDepFlags Completed in 0ms
49 timing idealTree Completed in 420ms
50 timing reify:loadTrees Completed in 421ms
51 timing reify:diffTrees Completed in 4ms
52 silly reify mark retired [ '/home/ubuntu/.cache/typescript/5.1/node_modules/@types/node' ]
53 silly reify moves {
53 silly reify   '/home/ubuntu/.cache/typescript/5.1/node_modules/@types/node': '/home/ubuntu/.cache/typescript/5.1/node_modules/@types/.node-uyIYzYOC'
53 silly reify }
54 timing reify:retireShallow Completed in 9ms
55 timing reify:createSparse Completed in 1ms
56 timing reify:loadBundles Completed in 0ms
57 silly audit bulk request {
57 silly audit   '@types/aws4': [ '1.11.3' ],
57 silly audit   '@types/body-parser': [ '1.19.2' ],
57 silly audit   '@types/caseless': [ '0.12.2' ],
57 silly audit   '@types/connect': [ '3.4.35' ],
57 silly audit   '@types/express': [ '4.17.20' ],
57 silly audit   '@types/express-serve-static-core': [ '4.17.36' ],
57 silly audit   '@types/extend': [ '3.0.1' ],
57 silly audit   '@types/forever-agent': [ '0.6.1' ],
57 silly audit   '@types/http-errors': [ '2.0.1' ],
57 silly audit   '@types/is-typedarray': [ '1.0.0' ],
57 silly audit   '@types/isstream': [ '0.1.0' ],
57 silly audit   '@types/json-stringify-safe': [ '5.0.0' ],
57 silly audit   '@types/lodash': [ '4.14.197' ],
57 silly audit   '@types/merge-descriptors': [ '1.0.1' ],
57 silly audit   '@types/mime': [ '1.3.2' ],
57 silly audit   '@types/mime-types': [ '2.1.1' ],
57 silly audit   '@types/node-cron': [ '3.0.10' ],
57 silly audit   '@types/nodemon': [ '1.19.4' ],
57 silly audit   '@types/npm': [ '7.19.0' ],
57 silly audit   '@types/qs': [ '6.9.7' ],
57 silly audit   '@types/range-parser': [ '1.2.4' ],
57 silly audit   '@types/request': [ '2.48.8' ],
57 silly audit   '@types/request-promise-native': [ '1.0.19' ],
57 silly audit   '@types/send': [ '0.17.1' ],
57 silly audit   '@types/serve-static': [ '1.15.2' ],
57 silly audit   '@types/tough-cookie': [ '4.0.2' ],
57 silly audit   '@types/uuid': [ '9.0.2' ],
57 silly audit   asynckit: [ '0.4.0' ],
57 silly audit   'combined-stream': [ '1.0.8' ],
57 silly audit   'delayed-stream': [ '1.0.0' ],
57 silly audit   'form-data': [ '2.5.1' ],
57 silly audit   'mime-db': [ '1.52.0' ],
57 silly audit   'mime-types': [ '2.1.35' ],
57 silly audit   'types-registry': [ '0.1.666' ],
57 silly audit   '@types/node': [ '20.8.7' ],
57 silly audit   'undici-types': [ '5.25.3' ]
57 silly audit }
58 silly tarball no local data for undici-types@https://registry.npmjs.org/undici-types/-/undici-types-5.25.3.tgz. Extracting by manifest.
59 silly tarball no local data for @types/node@https://registry.npmjs.org/@types/node/-/node-20.8.7.tgz. Extracting by manifest.
60 http fetch GET 200 https://registry.npmjs.org/undici-types/-/undici-types-5.25.3.tgz 74ms (cache miss)
61 timing reifyNode:node_modules/undici-types Completed in 82ms
62 http fetch POST 200 https://registry.npmjs.org/-/npm/v1/security/advisories/bulk 148ms
63 timing auditReport:getReport Completed in 151ms
64 silly audit report {}
65 timing auditReport:init Completed in 0ms
66 timing reify:audit Completed in 153ms
67 http fetch GET 200 https://registry.npmjs.org/@types/node/-/node-20.8.7.tgz 807ms (cache miss)
68 timing reifyNode:node_modules/@types/node Completed in 816ms
69 timing reify:unpack Completed in 817ms
70 timing reify:unretire Completed in 0ms
71 timing build:queue Completed in 0ms
72 timing build:deps Completed in 1ms
73 timing build Completed in 1ms
74 timing reify:build Completed in 1ms
75 timing reify:trash Completed in 6ms
76 timing reify:save Completed in 18ms
77 timing reify Completed in 1297ms
78 silly ADD node_modules/undici-types
79 silly CHANGE node_modules/@types/node
80 timing command:install Completed in 1304ms
81 verbose exit 0
82 timing npm Completed in 1396ms
83 info ok
