2023-09-26 09:45:58.217 [info] Log level: Info
2023-09-26 09:45:58.217 [info] Validating found git in: "git"
2023-09-26 09:45:58.217 [info] Using git "2.34.1" from "git"
2023-09-26 09:45:58.217 [info] > git rev-parse --show-toplevel [26ms]
2023-09-26 09:45:58.217 [info] fatal: not a git repository (or any of the parent directories): .git
2023-09-26 09:45:58.268 [info] > git rev-parse --show-toplevel [54ms]
2023-09-26 09:45:58.268 [info] fatal: not a git repository (or any of the parent directories): .git
2023-09-26 09:45:58.286 [info] > git rev-parse --show-toplevel [11ms]
2023-09-26 09:45:58.286 [info] fatal: not a git repository (or any of the parent directories): .git
2023-09-26 09:45:58.301 [info] > git rev-parse --show-toplevel [10ms]
2023-09-26 09:45:58.302 [info] fatal: not a git repository (or any of the parent directories): .git
2023-09-26 09:45:58.328 [info] > git rev-parse --show-toplevel [19ms]
2023-09-26 09:45:58.328 [info] fatal: not a git repository (or any of the parent directories): .git
2023-09-26 09:45:58.355 [info] > git rev-parse --show-toplevel [22ms]
2023-09-26 09:45:58.355 [info] fatal: not a git repository (or any of the parent directories): .git
2023-09-26 09:45:58.372 [info] > git rev-parse --show-toplevel [10ms]
2023-09-26 09:45:58.372 [info] fatal: not a git repository (or any of the parent directories): .git
2023-09-26 09:45:58.394 [info] > git rev-parse --show-toplevel [17ms]
2023-09-26 09:45:58.394 [info] fatal: not a git repository (or any of the parent directories): .git
2023-09-26 09:45:58.423 [info] > git rev-parse --show-toplevel [23ms]
2023-09-26 09:45:58.423 [info] fatal: not a git repository (or any of the parent directories): .git
2023-09-26 09:45:58.443 [info] > git rev-parse --show-toplevel [10ms]
2023-09-26 09:45:58.443 [info] fatal: not a git repository (or any of the parent directories): .git
2023-09-26 09:46:19.964 [info] > git rev-parse --show-toplevel [36ms]
2023-09-26 09:46:19.964 [info] fatal: not a git repository (or any of the parent directories): .git
2023-09-26 09:47:47.267 [info] > git rev-parse --show-toplevel [2ms]
2023-09-26 09:47:47.267 [info] fatal: not a git repository (or any of the parent directories): .git
2023-09-26 09:50:22.768 [info] > git rev-parse --show-toplevel [11ms]
2023-09-26 09:50:22.768 [info] fatal: not a git repository (or any of the parent directories): .git
2023-09-26 09:50:27.226 [info] > git rev-parse --show-toplevel [3ms]
2023-09-26 09:50:27.226 [info] fatal: not a git repository (or any of the parent directories): .git
2023-09-26 10:00:48.481 [info] > git rev-parse --show-toplevel [13ms]
2023-09-26 10:00:48.481 [info] fatal: not a git repository (or any of the parent directories): .git
2023-09-26 10:06:30.687 [info] > git rev-parse --show-toplevel [6ms]
2023-09-26 10:06:30.687 [info] fatal: not a git repository (or any of the parent directories): .git
2023-09-26 10:56:42.828 [info] > git rev-parse --show-toplevel [8ms]
2023-09-26 10:56:42.829 [info] fatal: not a git repository (or any of the parent directories): .git
2023-09-26 11:03:11.556 [info] > git rev-parse --show-toplevel [22ms]
2023-09-26 11:03:11.556 [info] fatal: not a git repository (or any of the parent directories): .git
