2023-08-25 17:29:47.634 [info] Extension host with pid 54439 started
2023-08-25 17:29:47.700 [info] Lock '/home/ubuntu/.vscode-server/data/User/workspaceStorage/322f0de8c315cae2280fa8e4a8f28901/vscode.lock': Lock acquired.
2023-08-25 17:29:47.735 [info] ExtensionService#_doActivateExtension vscode.git-base, startup: true, activationEvent: '*'
2023-08-25 17:29:47.744 [info] ExtensionService#_doActivateExtension vscode.npm, startup: true, activationEvent: 'workspaceContains:package.json'
2023-08-25 17:29:47.826 [info] ExtensionService#_doActivateExtension vscode.github, startup: true, activationEvent: '*'
2023-08-25 17:29:48.322 [info] Eager extensions activated
2023-08-25 17:29:48.326 [info] ExtensionService#_doActivateExtension vscode.debug-auto-launch, startup: false, activationEvent: 'onStartupFinished'
2023-08-25 17:29:48.327 [info] ExtensionService#_doActivateExtension vscode.merge-conflict, startup: false, activationEvent: 'onStartupFinished'
2023-08-25 17:29:52.041 [info] ExtensionService#_doActivateExtension vscode.git, startup: false, activationEvent: 'api', root cause: vscode.github
2023-08-25 17:30:04.126 [info] ExtensionService#_doActivateExtension vscode.typescript-language-features, startup: false, activationEvent: 'onLanguage:javascript'
2023-08-25 17:30:04.126 [info] ExtensionService#_doActivateExtension vscode.emmet, startup: false, activationEvent: 'onLanguage'
2023-08-25 18:11:08.727 [error] Error: read ECONNRESET
	at TLSWrap.onStreamRead (node:internal/stream_base_commons:217:20)
2023-08-25 19:05:16.299 [info] Extension host terminating: received terminate message from renderer
2023-08-25 19:05:16.309 [info] Lock '/home/ubuntu/.vscode-server/data/User/workspaceStorage/322f0de8c315cae2280fa8e4a8f28901/vscode.lock': Marking the lockfile as scheduled to be released in 6000 ms.
2023-08-25 19:05:16.363 [error] Canceled: Canceled
	at new h (/home/ubuntu/.vscode-server/bin/6c3e3dba23e8fadc360aed75ce363ba185c49794/out/vs/workbench/api/node/extensionHostProcess.js:103:56634)
	at t.O (/home/ubuntu/.vscode-server/bin/6c3e3dba23e8fadc360aed75ce363ba185c49794/out/vs/workbench/api/node/extensionHostProcess.js:115:8020)
	at Proxy.N.<computed>.T.charCodeAt.N.<computed> (/home/ubuntu/.vscode-server/bin/6c3e3dba23e8fadc360aed75ce363ba185c49794/out/vs/workbench/api/node/extensionHostProcess.js:115:5459)
	at a.g (/home/ubuntu/.vscode-server/bin/6c3e3dba23e8fadc360aed75ce363ba185c49794/out/vs/workbench/api/node/extensionHostProcess.js:103:77241)
	at a.executeCommand (/home/ubuntu/.vscode-server/bin/6c3e3dba23e8fadc360aed75ce363ba185c49794/out/vs/workbench/api/node/extensionHostProcess.js:103:76679)
	at w.registerCommand.description (/home/ubuntu/.vscode-server/bin/6c3e3dba23e8fadc360aed75ce363ba185c49794/out/vs/workbench/api/node/extensionHostProcess.js:103:76000)
	at a.h (/home/ubuntu/.vscode-server/bin/6c3e3dba23e8fadc360aed75ce363ba185c49794/out/vs/workbench/api/node/extensionHostProcess.js:103:77777)
	at a.g (/home/ubuntu/.vscode-server/bin/6c3e3dba23e8fadc360aed75ce363ba185c49794/out/vs/workbench/api/node/extensionHostProcess.js:103:76772)
	at a.executeCommand (/home/ubuntu/.vscode-server/bin/6c3e3dba23e8fadc360aed75ce363ba185c49794/out/vs/workbench/api/node/extensionHostProcess.js:103:76679)
	at Object.executeCommand (/home/ubuntu/.vscode-server/bin/6c3e3dba23e8fadc360aed75ce363ba185c49794/out/vs/workbench/api/node/extensionHostProcess.js:121:20977)
	at r.D [as value] (/home/ubuntu/.vscode-server/bin/6c3e3dba23e8fadc360aed75ce363ba185c49794/extensions/git/dist/main.js:2:1261690)
	at f.w (/home/ubuntu/.vscode-server/bin/6c3e3dba23e8fadc360aed75ce363ba185c49794/out/vs/workbench/api/node/extensionHostProcess.js:63:1902)
	at f.x (/home/ubuntu/.vscode-server/bin/6c3e3dba23e8fadc360aed75ce363ba185c49794/out/vs/workbench/api/node/extensionHostProcess.js:63:1972)
	at fire (/home/ubuntu/.vscode-server/bin/6c3e3dba23e8fadc360aed75ce363ba185c49794/out/vs/workbench/api/node/extensionHostProcess.js:63:2188)
	at Object.m [as dispose] (/home/ubuntu/.vscode-server/bin/6c3e3dba23e8fadc360aed75ce363ba185c49794/extensions/git/dist/main.js:2:1277293)
	at /home/ubuntu/.vscode-server/bin/6c3e3dba23e8fadc360aed75ce363ba185c49794/extensions/git/dist/main.js:2:1282023
	at Array.forEach (<anonymous>)
	at g.dispose (/home/ubuntu/.vscode-server/bin/6c3e3dba23e8fadc360aed75ce363ba185c49794/extensions/git/dist/main.js:2:1282009)
	at p.<anonymous> (/home/ubuntu/.vscode-server/bin/6c3e3dba23e8fadc360aed75ce363ba185c49794/out/vs/workbench/api/node/extensionHostProcess.js:99:3381)
	at p.dispose (/home/ubuntu/.vscode-server/bin/6c3e3dba23e8fadc360aed75ce363ba185c49794/out/vs/workbench/api/node/extensionHostProcess.js:99:3478)
	at p.<anonymous> (/home/ubuntu/.vscode-server/bin/6c3e3dba23e8fadc360aed75ce363ba185c49794/extensions/git/dist/main.js:2:1263703)
	at p.dispose (/home/ubuntu/.vscode-server/bin/6c3e3dba23e8fadc360aed75ce363ba185c49794/out/vs/workbench/api/node/extensionHostProcess.js:99:3478)
	at S (/home/ubuntu/.vscode-server/bin/6c3e3dba23e8fadc360aed75ce363ba185c49794/out/vs/workbench/api/node/extensionHostProcess.js:13:11731)
	at r.Z (/home/ubuntu/.vscode-server/bin/6c3e3dba23e8fadc360aed75ce363ba185c49794/out/vs/workbench/api/node/extensionHostProcess.js:117:9686)
	at /home/ubuntu/.vscode-server/bin/6c3e3dba23e8fadc360aed75ce363ba185c49794/out/vs/workbench/api/node/extensionHostProcess.js:117:7582
	at Array.map (<anonymous>)
	at r.S (/home/ubuntu/.vscode-server/bin/6c3e3dba23e8fadc360aed75ce363ba185c49794/out/vs/workbench/api/node/extensionHostProcess.js:117:7570)
	at r.terminate (/home/ubuntu/.vscode-server/bin/6c3e3dba23e8fadc360aed75ce363ba185c49794/out/vs/workbench/api/node/extensionHostProcess.js:117:7842)
	at s.terminate (/home/ubuntu/.vscode-server/bin/6c3e3dba23e8fadc360aed75ce363ba185c49794/out/vs/workbench/api/node/extensionHostProcess.js:121:1506)
	at C (/home/ubuntu/.vscode-server/bin/6c3e3dba23e8fadc360aed75ce363ba185c49794/out/vs/workbench/api/node/extensionHostProcess.js:131:32254)
	at r.value (/home/ubuntu/.vscode-server/bin/6c3e3dba23e8fadc360aed75ce363ba185c49794/out/vs/workbench/api/node/extensionHostProcess.js:131:30301)
	at f.w (/home/ubuntu/.vscode-server/bin/6c3e3dba23e8fadc360aed75ce363ba185c49794/out/vs/workbench/api/node/extensionHostProcess.js:63:1902)
	at fire (/home/ubuntu/.vscode-server/bin/6c3e3dba23e8fadc360aed75ce363ba185c49794/out/vs/workbench/api/node/extensionHostProcess.js:63:2119)
	at y.fire (/home/ubuntu/.vscode-server/bin/6c3e3dba23e8fadc360aed75ce363ba185c49794/out/vs/workbench/api/node/extensionHostProcess.js:79:13931)
	at n.z (/home/ubuntu/.vscode-server/bin/6c3e3dba23e8fadc360aed75ce363ba185c49794/out/vs/workbench/api/node/extensionHostProcess.js:79:16996)
	at r.value (/home/ubuntu/.vscode-server/bin/6c3e3dba23e8fadc360aed75ce363ba185c49794/out/vs/workbench/api/node/extensionHostProcess.js:79:15448)
	at f.w (/home/ubuntu/.vscode-server/bin/6c3e3dba23e8fadc360aed75ce363ba185c49794/out/vs/workbench/api/node/extensionHostProcess.js:63:1902)
	at fire (/home/ubuntu/.vscode-server/bin/6c3e3dba23e8fadc360aed75ce363ba185c49794/out/vs/workbench/api/node/extensionHostProcess.js:63:2119)
	at r.acceptChunk (/home/ubuntu/.vscode-server/bin/6c3e3dba23e8fadc360aed75ce363ba185c49794/out/vs/workbench/api/node/extensionHostProcess.js:79:11705)
	at r.value (/home/ubuntu/.vscode-server/bin/6c3e3dba23e8fadc360aed75ce363ba185c49794/out/vs/workbench/api/node/extensionHostProcess.js:79:10992)
	at f.w (/home/ubuntu/.vscode-server/bin/6c3e3dba23e8fadc360aed75ce363ba185c49794/out/vs/workbench/api/node/extensionHostProcess.js:63:1902)
	at fire (/home/ubuntu/.vscode-server/bin/6c3e3dba23e8fadc360aed75ce363ba185c49794/out/vs/workbench/api/node/extensionHostProcess.js:63:2119)
	at f.u (/home/ubuntu/.vscode-server/bin/6c3e3dba23e8fadc360aed75ce363ba185c49794/out/vs/workbench/api/node/extensionHostProcess.js:131:19077) setContext undefined
2023-08-25 19:05:16.364 [error] Canceled: Canceled
	at new h (/home/ubuntu/.vscode-server/bin/6c3e3dba23e8fadc360aed75ce363ba185c49794/out/vs/workbench/api/node/extensionHostProcess.js:103:56634)
	at t.O (/home/ubuntu/.vscode-server/bin/6c3e3dba23e8fadc360aed75ce363ba185c49794/out/vs/workbench/api/node/extensionHostProcess.js:115:8020)
	at Proxy.N.<computed>.T.charCodeAt.N.<computed> (/home/ubuntu/.vscode-server/bin/6c3e3dba23e8fadc360aed75ce363ba185c49794/out/vs/workbench/api/node/extensionHostProcess.js:115:5459)
	at a.g (/home/ubuntu/.vscode-server/bin/6c3e3dba23e8fadc360aed75ce363ba185c49794/out/vs/workbench/api/node/extensionHostProcess.js:103:77241)
	at a.executeCommand (/home/ubuntu/.vscode-server/bin/6c3e3dba23e8fadc360aed75ce363ba185c49794/out/vs/workbench/api/node/extensionHostProcess.js:103:76679)
	at w.registerCommand.description (/home/ubuntu/.vscode-server/bin/6c3e3dba23e8fadc360aed75ce363ba185c49794/out/vs/workbench/api/node/extensionHostProcess.js:103:76000)
	at a.h (/home/ubuntu/.vscode-server/bin/6c3e3dba23e8fadc360aed75ce363ba185c49794/out/vs/workbench/api/node/extensionHostProcess.js:103:77777)
	at a.g (/home/ubuntu/.vscode-server/bin/6c3e3dba23e8fadc360aed75ce363ba185c49794/out/vs/workbench/api/node/extensionHostProcess.js:103:76772)
	at a.executeCommand (/home/ubuntu/.vscode-server/bin/6c3e3dba23e8fadc360aed75ce363ba185c49794/out/vs/workbench/api/node/extensionHostProcess.js:103:76679)
	at Object.executeCommand (/home/ubuntu/.vscode-server/bin/6c3e3dba23e8fadc360aed75ce363ba185c49794/out/vs/workbench/api/node/extensionHostProcess.js:121:20977)
	at r.D [as value] (/home/ubuntu/.vscode-server/bin/6c3e3dba23e8fadc360aed75ce363ba185c49794/extensions/git/dist/main.js:2:1261690)
	at f.w (/home/ubuntu/.vscode-server/bin/6c3e3dba23e8fadc360aed75ce363ba185c49794/out/vs/workbench/api/node/extensionHostProcess.js:63:1902)
	at f.x (/home/ubuntu/.vscode-server/bin/6c3e3dba23e8fadc360aed75ce363ba185c49794/out/vs/workbench/api/node/extensionHostProcess.js:63:1972)
	at fire (/home/ubuntu/.vscode-server/bin/6c3e3dba23e8fadc360aed75ce363ba185c49794/out/vs/workbench/api/node/extensionHostProcess.js:63:2188)
	at Object.m [as dispose] (/home/ubuntu/.vscode-server/bin/6c3e3dba23e8fadc360aed75ce363ba185c49794/extensions/git/dist/main.js:2:1277293)
	at /home/ubuntu/.vscode-server/bin/6c3e3dba23e8fadc360aed75ce363ba185c49794/extensions/git/dist/main.js:2:1282023
	at Array.forEach (<anonymous>)
	at g.dispose (/home/ubuntu/.vscode-server/bin/6c3e3dba23e8fadc360aed75ce363ba185c49794/extensions/git/dist/main.js:2:1282009)
	at p.<anonymous> (/home/ubuntu/.vscode-server/bin/6c3e3dba23e8fadc360aed75ce363ba185c49794/out/vs/workbench/api/node/extensionHostProcess.js:99:3381)
	at p.dispose (/home/ubuntu/.vscode-server/bin/6c3e3dba23e8fadc360aed75ce363ba185c49794/out/vs/workbench/api/node/extensionHostProcess.js:99:3478)
	at p.<anonymous> (/home/ubuntu/.vscode-server/bin/6c3e3dba23e8fadc360aed75ce363ba185c49794/extensions/git/dist/main.js:2:1263703)
	at p.dispose (/home/ubuntu/.vscode-server/bin/6c3e3dba23e8fadc360aed75ce363ba185c49794/out/vs/workbench/api/node/extensionHostProcess.js:99:3478)
	at S (/home/ubuntu/.vscode-server/bin/6c3e3dba23e8fadc360aed75ce363ba185c49794/out/vs/workbench/api/node/extensionHostProcess.js:13:11731)
	at r.Z (/home/ubuntu/.vscode-server/bin/6c3e3dba23e8fadc360aed75ce363ba185c49794/out/vs/workbench/api/node/extensionHostProcess.js:117:9686)
	at /home/ubuntu/.vscode-server/bin/6c3e3dba23e8fadc360aed75ce363ba185c49794/out/vs/workbench/api/node/extensionHostProcess.js:117:7582
	at Array.map (<anonymous>)
	at r.S (/home/ubuntu/.vscode-server/bin/6c3e3dba23e8fadc360aed75ce363ba185c49794/out/vs/workbench/api/node/extensionHostProcess.js:117:7570)
	at r.terminate (/home/ubuntu/.vscode-server/bin/6c3e3dba23e8fadc360aed75ce363ba185c49794/out/vs/workbench/api/node/extensionHostProcess.js:117:7842)
	at s.terminate (/home/ubuntu/.vscode-server/bin/6c3e3dba23e8fadc360aed75ce363ba185c49794/out/vs/workbench/api/node/extensionHostProcess.js:121:1506)
	at C (/home/ubuntu/.vscode-server/bin/6c3e3dba23e8fadc360aed75ce363ba185c49794/out/vs/workbench/api/node/extensionHostProcess.js:131:32254)
	at r.value (/home/ubuntu/.vscode-server/bin/6c3e3dba23e8fadc360aed75ce363ba185c49794/out/vs/workbench/api/node/extensionHostProcess.js:131:30301)
	at f.w (/home/ubuntu/.vscode-server/bin/6c3e3dba23e8fadc360aed75ce363ba185c49794/out/vs/workbench/api/node/extensionHostProcess.js:63:1902)
	at fire (/home/ubuntu/.vscode-server/bin/6c3e3dba23e8fadc360aed75ce363ba185c49794/out/vs/workbench/api/node/extensionHostProcess.js:63:2119)
	at y.fire (/home/ubuntu/.vscode-server/bin/6c3e3dba23e8fadc360aed75ce363ba185c49794/out/vs/workbench/api/node/extensionHostProcess.js:79:13931)
	at n.z (/home/ubuntu/.vscode-server/bin/6c3e3dba23e8fadc360aed75ce363ba185c49794/out/vs/workbench/api/node/extensionHostProcess.js:79:16996)
	at r.value (/home/ubuntu/.vscode-server/bin/6c3e3dba23e8fadc360aed75ce363ba185c49794/out/vs/workbench/api/node/extensionHostProcess.js:79:15448)
	at f.w (/home/ubuntu/.vscode-server/bin/6c3e3dba23e8fadc360aed75ce363ba185c49794/out/vs/workbench/api/node/extensionHostProcess.js:63:1902)
	at fire (/home/ubuntu/.vscode-server/bin/6c3e3dba23e8fadc360aed75ce363ba185c49794/out/vs/workbench/api/node/extensionHostProcess.js:63:2119)
	at r.acceptChunk (/home/ubuntu/.vscode-server/bin/6c3e3dba23e8fadc360aed75ce363ba185c49794/out/vs/workbench/api/node/extensionHostProcess.js:79:11705)
	at r.value (/home/ubuntu/.vscode-server/bin/6c3e3dba23e8fadc360aed75ce363ba185c49794/out/vs/workbench/api/node/extensionHostProcess.js:79:10992)
	at f.w (/home/ubuntu/.vscode-server/bin/6c3e3dba23e8fadc360aed75ce363ba185c49794/out/vs/workbench/api/node/extensionHostProcess.js:63:1902)
	at fire (/home/ubuntu/.vscode-server/bin/6c3e3dba23e8fadc360aed75ce363ba185c49794/out/vs/workbench/api/node/extensionHostProcess.js:63:2119)
	at f.u (/home/ubuntu/.vscode-server/bin/6c3e3dba23e8fadc360aed75ce363ba185c49794/out/vs/workbench/api/node/extensionHostProcess.js:131:19077) setContext undefined
2023-08-25 19:05:16.364 [error] Canceled: Canceled
	at new h (/home/ubuntu/.vscode-server/bin/6c3e3dba23e8fadc360aed75ce363ba185c49794/out/vs/workbench/api/node/extensionHostProcess.js:103:56634)
	at t.O (/home/ubuntu/.vscode-server/bin/6c3e3dba23e8fadc360aed75ce363ba185c49794/out/vs/workbench/api/node/extensionHostProcess.js:115:8020)
	at Proxy.N.<computed>.T.charCodeAt.N.<computed> (/home/ubuntu/.vscode-server/bin/6c3e3dba23e8fadc360aed75ce363ba185c49794/out/vs/workbench/api/node/extensionHostProcess.js:115:5459)
	at a.g (/home/ubuntu/.vscode-server/bin/6c3e3dba23e8fadc360aed75ce363ba185c49794/out/vs/workbench/api/node/extensionHostProcess.js:103:77241)
	at a.executeCommand (/home/ubuntu/.vscode-server/bin/6c3e3dba23e8fadc360aed75ce363ba185c49794/out/vs/workbench/api/node/extensionHostProcess.js:103:76679)
	at w.registerCommand.description (/home/ubuntu/.vscode-server/bin/6c3e3dba23e8fadc360aed75ce363ba185c49794/out/vs/workbench/api/node/extensionHostProcess.js:103:76000)
	at a.h (/home/ubuntu/.vscode-server/bin/6c3e3dba23e8fadc360aed75ce363ba185c49794/out/vs/workbench/api/node/extensionHostProcess.js:103:77777)
	at a.g (/home/ubuntu/.vscode-server/bin/6c3e3dba23e8fadc360aed75ce363ba185c49794/out/vs/workbench/api/node/extensionHostProcess.js:103:76772)
	at a.executeCommand (/home/ubuntu/.vscode-server/bin/6c3e3dba23e8fadc360aed75ce363ba185c49794/out/vs/workbench/api/node/extensionHostProcess.js:103:76679)
	at Object.executeCommand (/home/ubuntu/.vscode-server/bin/6c3e3dba23e8fadc360aed75ce363ba185c49794/out/vs/workbench/api/node/extensionHostProcess.js:121:20977)
	at r.D [as value] (/home/ubuntu/.vscode-server/bin/6c3e3dba23e8fadc360aed75ce363ba185c49794/extensions/git/dist/main.js:2:1261690)
	at f.w (/home/ubuntu/.vscode-server/bin/6c3e3dba23e8fadc360aed75ce363ba185c49794/out/vs/workbench/api/node/extensionHostProcess.js:63:1902)
	at f.x (/home/ubuntu/.vscode-server/bin/6c3e3dba23e8fadc360aed75ce363ba185c49794/out/vs/workbench/api/node/extensionHostProcess.js:63:1972)
	at fire (/home/ubuntu/.vscode-server/bin/6c3e3dba23e8fadc360aed75ce363ba185c49794/out/vs/workbench/api/node/extensionHostProcess.js:63:2188)
	at Object.m [as dispose] (/home/ubuntu/.vscode-server/bin/6c3e3dba23e8fadc360aed75ce363ba185c49794/extensions/git/dist/main.js:2:1277293)
	at /home/ubuntu/.vscode-server/bin/6c3e3dba23e8fadc360aed75ce363ba185c49794/extensions/git/dist/main.js:2:1282023
	at Array.forEach (<anonymous>)
	at g.dispose (/home/ubuntu/.vscode-server/bin/6c3e3dba23e8fadc360aed75ce363ba185c49794/extensions/git/dist/main.js:2:1282009)
	at p.<anonymous> (/home/ubuntu/.vscode-server/bin/6c3e3dba23e8fadc360aed75ce363ba185c49794/out/vs/workbench/api/node/extensionHostProcess.js:99:3381)
	at p.dispose (/home/ubuntu/.vscode-server/bin/6c3e3dba23e8fadc360aed75ce363ba185c49794/out/vs/workbench/api/node/extensionHostProcess.js:99:3478)
	at p.<anonymous> (/home/ubuntu/.vscode-server/bin/6c3e3dba23e8fadc360aed75ce363ba185c49794/extensions/git/dist/main.js:2:1263703)
	at p.dispose (/home/ubuntu/.vscode-server/bin/6c3e3dba23e8fadc360aed75ce363ba185c49794/out/vs/workbench/api/node/extensionHostProcess.js:99:3478)
	at S (/home/ubuntu/.vscode-server/bin/6c3e3dba23e8fadc360aed75ce363ba185c49794/out/vs/workbench/api/node/extensionHostProcess.js:13:11731)
	at r.Z (/home/ubuntu/.vscode-server/bin/6c3e3dba23e8fadc360aed75ce363ba185c49794/out/vs/workbench/api/node/extensionHostProcess.js:117:9686)
	at /home/ubuntu/.vscode-server/bin/6c3e3dba23e8fadc360aed75ce363ba185c49794/out/vs/workbench/api/node/extensionHostProcess.js:117:7582
	at Array.map (<anonymous>)
	at r.S (/home/ubuntu/.vscode-server/bin/6c3e3dba23e8fadc360aed75ce363ba185c49794/out/vs/workbench/api/node/extensionHostProcess.js:117:7570)
	at r.terminate (/home/ubuntu/.vscode-server/bin/6c3e3dba23e8fadc360aed75ce363ba185c49794/out/vs/workbench/api/node/extensionHostProcess.js:117:7842)
	at s.terminate (/home/ubuntu/.vscode-server/bin/6c3e3dba23e8fadc360aed75ce363ba185c49794/out/vs/workbench/api/node/extensionHostProcess.js:121:1506)
	at C (/home/ubuntu/.vscode-server/bin/6c3e3dba23e8fadc360aed75ce363ba185c49794/out/vs/workbench/api/node/extensionHostProcess.js:131:32254)
	at r.value (/home/ubuntu/.vscode-server/bin/6c3e3dba23e8fadc360aed75ce363ba185c49794/out/vs/workbench/api/node/extensionHostProcess.js:131:30301)
	at f.w (/home/ubuntu/.vscode-server/bin/6c3e3dba23e8fadc360aed75ce363ba185c49794/out/vs/workbench/api/node/extensionHostProcess.js:63:1902)
	at fire (/home/ubuntu/.vscode-server/bin/6c3e3dba23e8fadc360aed75ce363ba185c49794/out/vs/workbench/api/node/extensionHostProcess.js:63:2119)
	at y.fire (/home/ubuntu/.vscode-server/bin/6c3e3dba23e8fadc360aed75ce363ba185c49794/out/vs/workbench/api/node/extensionHostProcess.js:79:13931)
	at n.z (/home/ubuntu/.vscode-server/bin/6c3e3dba23e8fadc360aed75ce363ba185c49794/out/vs/workbench/api/node/extensionHostProcess.js:79:16996)
	at r.value (/home/ubuntu/.vscode-server/bin/6c3e3dba23e8fadc360aed75ce363ba185c49794/out/vs/workbench/api/node/extensionHostProcess.js:79:15448)
	at f.w (/home/ubuntu/.vscode-server/bin/6c3e3dba23e8fadc360aed75ce363ba185c49794/out/vs/workbench/api/node/extensionHostProcess.js:63:1902)
	at fire (/home/ubuntu/.vscode-server/bin/6c3e3dba23e8fadc360aed75ce363ba185c49794/out/vs/workbench/api/node/extensionHostProcess.js:63:2119)
	at r.acceptChunk (/home/ubuntu/.vscode-server/bin/6c3e3dba23e8fadc360aed75ce363ba185c49794/out/vs/workbench/api/node/extensionHostProcess.js:79:11705)
	at r.value (/home/ubuntu/.vscode-server/bin/6c3e3dba23e8fadc360aed75ce363ba185c49794/out/vs/workbench/api/node/extensionHostProcess.js:79:10992)
	at f.w (/home/ubuntu/.vscode-server/bin/6c3e3dba23e8fadc360aed75ce363ba185c49794/out/vs/workbench/api/node/extensionHostProcess.js:63:1902)
	at fire (/home/ubuntu/.vscode-server/bin/6c3e3dba23e8fadc360aed75ce363ba185c49794/out/vs/workbench/api/node/extensionHostProcess.js:63:2119)
	at f.u (/home/ubuntu/.vscode-server/bin/6c3e3dba23e8fadc360aed75ce363ba185c49794/out/vs/workbench/api/node/extensionHostProcess.js:131:19077) setContext undefined
2023-08-25 19:05:16.364 [error] Canceled: Canceled
	at new h (/home/ubuntu/.vscode-server/bin/6c3e3dba23e8fadc360aed75ce363ba185c49794/out/vs/workbench/api/node/extensionHostProcess.js:103:56634)
	at t.O (/home/ubuntu/.vscode-server/bin/6c3e3dba23e8fadc360aed75ce363ba185c49794/out/vs/workbench/api/node/extensionHostProcess.js:115:8020)
	at Proxy.N.<computed>.T.charCodeAt.N.<computed> (/home/ubuntu/.vscode-server/bin/6c3e3dba23e8fadc360aed75ce363ba185c49794/out/vs/workbench/api/node/extensionHostProcess.js:115:5459)
	at a.g (/home/ubuntu/.vscode-server/bin/6c3e3dba23e8fadc360aed75ce363ba185c49794/out/vs/workbench/api/node/extensionHostProcess.js:103:77241)
	at a.executeCommand (/home/ubuntu/.vscode-server/bin/6c3e3dba23e8fadc360aed75ce363ba185c49794/out/vs/workbench/api/node/extensionHostProcess.js:103:76679)
	at w.registerCommand.description (/home/ubuntu/.vscode-server/bin/6c3e3dba23e8fadc360aed75ce363ba185c49794/out/vs/workbench/api/node/extensionHostProcess.js:103:76000)
	at a.h (/home/ubuntu/.vscode-server/bin/6c3e3dba23e8fadc360aed75ce363ba185c49794/out/vs/workbench/api/node/extensionHostProcess.js:103:77777)
	at a.g (/home/ubuntu/.vscode-server/bin/6c3e3dba23e8fadc360aed75ce363ba185c49794/out/vs/workbench/api/node/extensionHostProcess.js:103:76772)
	at a.executeCommand (/home/ubuntu/.vscode-server/bin/6c3e3dba23e8fadc360aed75ce363ba185c49794/out/vs/workbench/api/node/extensionHostProcess.js:103:76679)
	at Object.executeCommand (/home/ubuntu/.vscode-server/bin/6c3e3dba23e8fadc360aed75ce363ba185c49794/out/vs/workbench/api/node/extensionHostProcess.js:121:20977)
	at r.D [as value] (/home/ubuntu/.vscode-server/bin/6c3e3dba23e8fadc360aed75ce363ba185c49794/extensions/git/dist/main.js:2:1261690)
	at f.w (/home/ubuntu/.vscode-server/bin/6c3e3dba23e8fadc360aed75ce363ba185c49794/out/vs/workbench/api/node/extensionHostProcess.js:63:1902)
	at f.x (/home/ubuntu/.vscode-server/bin/6c3e3dba23e8fadc360aed75ce363ba185c49794/out/vs/workbench/api/node/extensionHostProcess.js:63:1972)
	at fire (/home/ubuntu/.vscode-server/bin/6c3e3dba23e8fadc360aed75ce363ba185c49794/out/vs/workbench/api/node/extensionHostProcess.js:63:2188)
	at Object.m [as dispose] (/home/ubuntu/.vscode-server/bin/6c3e3dba23e8fadc360aed75ce363ba185c49794/extensions/git/dist/main.js:2:1277293)
	at /home/ubuntu/.vscode-server/bin/6c3e3dba23e8fadc360aed75ce363ba185c49794/extensions/git/dist/main.js:2:1282023
	at Array.forEach (<anonymous>)
	at g.dispose (/home/ubuntu/.vscode-server/bin/6c3e3dba23e8fadc360aed75ce363ba185c49794/extensions/git/dist/main.js:2:1282009)
	at p.<anonymous> (/home/ubuntu/.vscode-server/bin/6c3e3dba23e8fadc360aed75ce363ba185c49794/out/vs/workbench/api/node/extensionHostProcess.js:99:3381)
	at p.dispose (/home/ubuntu/.vscode-server/bin/6c3e3dba23e8fadc360aed75ce363ba185c49794/out/vs/workbench/api/node/extensionHostProcess.js:99:3478)
	at p.<anonymous> (/home/ubuntu/.vscode-server/bin/6c3e3dba23e8fadc360aed75ce363ba185c49794/extensions/git/dist/main.js:2:1263703)
	at p.dispose (/home/ubuntu/.vscode-server/bin/6c3e3dba23e8fadc360aed75ce363ba185c49794/out/vs/workbench/api/node/extensionHostProcess.js:99:3478)
	at S (/home/ubuntu/.vscode-server/bin/6c3e3dba23e8fadc360aed75ce363ba185c49794/out/vs/workbench/api/node/extensionHostProcess.js:13:11731)
	at r.Z (/home/ubuntu/.vscode-server/bin/6c3e3dba23e8fadc360aed75ce363ba185c49794/out/vs/workbench/api/node/extensionHostProcess.js:117:9686)
	at /home/ubuntu/.vscode-server/bin/6c3e3dba23e8fadc360aed75ce363ba185c49794/out/vs/workbench/api/node/extensionHostProcess.js:117:7582
	at Array.map (<anonymous>)
	at r.S (/home/ubuntu/.vscode-server/bin/6c3e3dba23e8fadc360aed75ce363ba185c49794/out/vs/workbench/api/node/extensionHostProcess.js:117:7570)
	at r.terminate (/home/ubuntu/.vscode-server/bin/6c3e3dba23e8fadc360aed75ce363ba185c49794/out/vs/workbench/api/node/extensionHostProcess.js:117:7842)
	at s.terminate (/home/ubuntu/.vscode-server/bin/6c3e3dba23e8fadc360aed75ce363ba185c49794/out/vs/workbench/api/node/extensionHostProcess.js:121:1506)
	at C (/home/ubuntu/.vscode-server/bin/6c3e3dba23e8fadc360aed75ce363ba185c49794/out/vs/workbench/api/node/extensionHostProcess.js:131:32254)
	at r.value (/home/ubuntu/.vscode-server/bin/6c3e3dba23e8fadc360aed75ce363ba185c49794/out/vs/workbench/api/node/extensionHostProcess.js:131:30301)
	at f.w (/home/ubuntu/.vscode-server/bin/6c3e3dba23e8fadc360aed75ce363ba185c49794/out/vs/workbench/api/node/extensionHostProcess.js:63:1902)
	at fire (/home/ubuntu/.vscode-server/bin/6c3e3dba23e8fadc360aed75ce363ba185c49794/out/vs/workbench/api/node/extensionHostProcess.js:63:2119)
	at y.fire (/home/ubuntu/.vscode-server/bin/6c3e3dba23e8fadc360aed75ce363ba185c49794/out/vs/workbench/api/node/extensionHostProcess.js:79:13931)
	at n.z (/home/ubuntu/.vscode-server/bin/6c3e3dba23e8fadc360aed75ce363ba185c49794/out/vs/workbench/api/node/extensionHostProcess.js:79:16996)
	at r.value (/home/ubuntu/.vscode-server/bin/6c3e3dba23e8fadc360aed75ce363ba185c49794/out/vs/workbench/api/node/extensionHostProcess.js:79:15448)
	at f.w (/home/ubuntu/.vscode-server/bin/6c3e3dba23e8fadc360aed75ce363ba185c49794/out/vs/workbench/api/node/extensionHostProcess.js:63:1902)
	at fire (/home/ubuntu/.vscode-server/bin/6c3e3dba23e8fadc360aed75ce363ba185c49794/out/vs/workbench/api/node/extensionHostProcess.js:63:2119)
	at r.acceptChunk (/home/ubuntu/.vscode-server/bin/6c3e3dba23e8fadc360aed75ce363ba185c49794/out/vs/workbench/api/node/extensionHostProcess.js:79:11705)
	at r.value (/home/ubuntu/.vscode-server/bin/6c3e3dba23e8fadc360aed75ce363ba185c49794/out/vs/workbench/api/node/extensionHostProcess.js:79:10992)
	at f.w (/home/ubuntu/.vscode-server/bin/6c3e3dba23e8fadc360aed75ce363ba185c49794/out/vs/workbench/api/node/extensionHostProcess.js:63:1902)
	at fire (/home/ubuntu/.vscode-server/bin/6c3e3dba23e8fadc360aed75ce363ba185c49794/out/vs/workbench/api/node/extensionHostProcess.js:63:2119)
	at f.u (/home/ubuntu/.vscode-server/bin/6c3e3dba23e8fadc360aed75ce363ba185c49794/out/vs/workbench/api/node/extensionHostProcess.js:131:19077) setContext undefined
2023-08-25 19:05:16.366 [error] Canceled: Canceled
	at new h (/home/ubuntu/.vscode-server/bin/6c3e3dba23e8fadc360aed75ce363ba185c49794/out/vs/workbench/api/node/extensionHostProcess.js:103:56634)
	at t.O (/home/ubuntu/.vscode-server/bin/6c3e3dba23e8fadc360aed75ce363ba185c49794/out/vs/workbench/api/node/extensionHostProcess.js:115:8020)
	at Proxy.N.<computed>.T.charCodeAt.N.<computed> (/home/ubuntu/.vscode-server/bin/6c3e3dba23e8fadc360aed75ce363ba185c49794/out/vs/workbench/api/node/extensionHostProcess.js:115:5459)
	at a.g (/home/ubuntu/.vscode-server/bin/6c3e3dba23e8fadc360aed75ce363ba185c49794/out/vs/workbench/api/node/extensionHostProcess.js:103:77241)
	at a.executeCommand (/home/ubuntu/.vscode-server/bin/6c3e3dba23e8fadc360aed75ce363ba185c49794/out/vs/workbench/api/node/extensionHostProcess.js:103:76679)
	at w.registerCommand.description (/home/ubuntu/.vscode-server/bin/6c3e3dba23e8fadc360aed75ce363ba185c49794/out/vs/workbench/api/node/extensionHostProcess.js:103:76000)
	at a.h (/home/ubuntu/.vscode-server/bin/6c3e3dba23e8fadc360aed75ce363ba185c49794/out/vs/workbench/api/node/extensionHostProcess.js:103:77777)
	at a.g (/home/ubuntu/.vscode-server/bin/6c3e3dba23e8fadc360aed75ce363ba185c49794/out/vs/workbench/api/node/extensionHostProcess.js:103:76772)
	at a.executeCommand (/home/ubuntu/.vscode-server/bin/6c3e3dba23e8fadc360aed75ce363ba185c49794/out/vs/workbench/api/node/extensionHostProcess.js:103:76679)
	at Object.executeCommand (/home/ubuntu/.vscode-server/bin/6c3e3dba23e8fadc360aed75ce363ba185c49794/out/vs/workbench/api/node/extensionHostProcess.js:121:20977)
	at t.$Ne.set b [as b] (/home/ubuntu/.vscode-server/bin/6c3e3dba23e8fadc360aed75ce363ba185c49794/extensions/github/dist/extension.js:2:676183)
	at /home/ubuntu/.vscode-server/bin/6c3e3dba23e8fadc360aed75ce363ba185c49794/extensions/github/dist/extension.js:2:676827
	at r.value (/home/ubuntu/.vscode-server/bin/6c3e3dba23e8fadc360aed75ce363ba185c49794/extensions/git/dist/main.js:2:1349176)
	at f.w (/home/ubuntu/.vscode-server/bin/6c3e3dba23e8fadc360aed75ce363ba185c49794/out/vs/workbench/api/node/extensionHostProcess.js:63:1902)
	at f.x (/home/ubuntu/.vscode-server/bin/6c3e3dba23e8fadc360aed75ce363ba185c49794/out/vs/workbench/api/node/extensionHostProcess.js:63:1972)
	at fire (/home/ubuntu/.vscode-server/bin/6c3e3dba23e8fadc360aed75ce363ba185c49794/out/vs/workbench/api/node/extensionHostProcess.js:63:2188)
	at Object.m [as dispose] (/home/ubuntu/.vscode-server/bin/6c3e3dba23e8fadc360aed75ce363ba185c49794/extensions/git/dist/main.js:2:1277293)
	at /home/ubuntu/.vscode-server/bin/6c3e3dba23e8fadc360aed75ce363ba185c49794/extensions/git/dist/main.js:2:1282023
	at Array.forEach (<anonymous>)
	at g.dispose (/home/ubuntu/.vscode-server/bin/6c3e3dba23e8fadc360aed75ce363ba185c49794/extensions/git/dist/main.js:2:1282009)
	at p.<anonymous> (/home/ubuntu/.vscode-server/bin/6c3e3dba23e8fadc360aed75ce363ba185c49794/out/vs/workbench/api/node/extensionHostProcess.js:99:3381)
	at p.dispose (/home/ubuntu/.vscode-server/bin/6c3e3dba23e8fadc360aed75ce363ba185c49794/out/vs/workbench/api/node/extensionHostProcess.js:99:3478)
	at p.<anonymous> (/home/ubuntu/.vscode-server/bin/6c3e3dba23e8fadc360aed75ce363ba185c49794/extensions/git/dist/main.js:2:1263703)
	at p.dispose (/home/ubuntu/.vscode-server/bin/6c3e3dba23e8fadc360aed75ce363ba185c49794/out/vs/workbench/api/node/extensionHostProcess.js:99:3478)
	at S (/home/ubuntu/.vscode-server/bin/6c3e3dba23e8fadc360aed75ce363ba185c49794/out/vs/workbench/api/node/extensionHostProcess.js:13:11731)
	at r.Z (/home/ubuntu/.vscode-server/bin/6c3e3dba23e8fadc360aed75ce363ba185c49794/out/vs/workbench/api/node/extensionHostProcess.js:117:9686)
	at /home/ubuntu/.vscode-server/bin/6c3e3dba23e8fadc360aed75ce363ba185c49794/out/vs/workbench/api/node/extensionHostProcess.js:117:7582
	at Array.map (<anonymous>)
	at r.S (/home/ubuntu/.vscode-server/bin/6c3e3dba23e8fadc360aed75ce363ba185c49794/out/vs/workbench/api/node/extensionHostProcess.js:117:7570)
	at r.terminate (/home/ubuntu/.vscode-server/bin/6c3e3dba23e8fadc360aed75ce363ba185c49794/out/vs/workbench/api/node/extensionHostProcess.js:117:7842)
	at s.terminate (/home/ubuntu/.vscode-server/bin/6c3e3dba23e8fadc360aed75ce363ba185c49794/out/vs/workbench/api/node/extensionHostProcess.js:121:1506)
	at C (/home/ubuntu/.vscode-server/bin/6c3e3dba23e8fadc360aed75ce363ba185c49794/out/vs/workbench/api/node/extensionHostProcess.js:131:32254)
	at r.value (/home/ubuntu/.vscode-server/bin/6c3e3dba23e8fadc360aed75ce363ba185c49794/out/vs/workbench/api/node/extensionHostProcess.js:131:30301)
	at f.w (/home/ubuntu/.vscode-server/bin/6c3e3dba23e8fadc360aed75ce363ba185c49794/out/vs/workbench/api/node/extensionHostProcess.js:63:1902)
	at fire (/home/ubuntu/.vscode-server/bin/6c3e3dba23e8fadc360aed75ce363ba185c49794/out/vs/workbench/api/node/extensionHostProcess.js:63:2119)
	at y.fire (/home/ubuntu/.vscode-server/bin/6c3e3dba23e8fadc360aed75ce363ba185c49794/out/vs/workbench/api/node/extensionHostProcess.js:79:13931)
	at n.z (/home/ubuntu/.vscode-server/bin/6c3e3dba23e8fadc360aed75ce363ba185c49794/out/vs/workbench/api/node/extensionHostProcess.js:79:16996)
	at r.value (/home/ubuntu/.vscode-server/bin/6c3e3dba23e8fadc360aed75ce363ba185c49794/out/vs/workbench/api/node/extensionHostProcess.js:79:15448)
	at f.w (/home/ubuntu/.vscode-server/bin/6c3e3dba23e8fadc360aed75ce363ba185c49794/out/vs/workbench/api/node/extensionHostProcess.js:63:1902)
	at fire (/home/ubuntu/.vscode-server/bin/6c3e3dba23e8fadc360aed75ce363ba185c49794/out/vs/workbench/api/node/extensionHostProcess.js:63:2119)
	at r.acceptChunk (/home/ubuntu/.vscode-server/bin/6c3e3dba23e8fadc360aed75ce363ba185c49794/out/vs/workbench/api/node/extensionHostProcess.js:79:11705)
	at r.value (/home/ubuntu/.vscode-server/bin/6c3e3dba23e8fadc360aed75ce363ba185c49794/out/vs/workbench/api/node/extensionHostProcess.js:79:10992)
	at f.w (/home/ubuntu/.vscode-server/bin/6c3e3dba23e8fadc360aed75ce363ba185c49794/out/vs/workbench/api/node/extensionHostProcess.js:63:1902)
	at fire (/home/ubuntu/.vscode-server/bin/6c3e3dba23e8fadc360aed75ce363ba185c49794/out/vs/workbench/api/node/extensionHostProcess.js:63:2119)
	at f.u (/home/ubuntu/.vscode-server/bin/6c3e3dba23e8fadc360aed75ce363ba185c49794/out/vs/workbench/api/node/extensionHostProcess.js:131:19077) setContext undefined
2023-08-25 19:05:16.366 [info] Extension host with pid 54439 exiting with code 0
