2023-10-23 00:17:10.162 [info] Log level: Info
2023-10-23 00:17:10.162 [info] Validating found git in: "git"
2023-10-23 00:17:10.163 [info] Using git "2.34.1" from "git"
2023-10-23 00:17:10.163 [info] > git rev-parse --show-toplevel [15ms]
2023-10-23 00:17:10.163 [info] fatal: not a git repository (or any of the parent directories): .git
2023-10-23 00:17:10.163 [info] > git rev-parse --show-toplevel [23ms]
2023-10-23 00:17:10.163 [info] fatal: not a git repository (or any of the parent directories): .git
2023-10-23 00:17:10.224 [info] > git rev-parse --show-toplevel [37ms]
2023-10-23 00:17:10.226 [info] fatal: not a git repository (or any of the parent directories): .git
2023-10-23 00:17:10.250 [info] > git rev-parse --show-toplevel [8ms]
2023-10-23 00:17:10.250 [info] fatal: not a git repository (or any of the parent directories): .git
2023-10-23 00:17:10.272 [info] > git rev-parse --show-toplevel [14ms]
2023-10-23 00:17:10.272 [info] fatal: not a git repository (or any of the parent directories): .git
2023-10-23 00:17:10.304 [info] > git rev-parse --show-toplevel [2ms]
2023-10-23 00:17:10.304 [info] fatal: not a git repository (or any of the parent directories): .git
2023-10-23 00:17:10.350 [info] > git rev-parse --show-toplevel [24ms]
2023-10-23 00:17:10.350 [info] fatal: not a git repository (or any of the parent directories): .git
2023-10-23 00:17:10.376 [info] > git rev-parse --show-toplevel [11ms]
2023-10-23 00:17:10.376 [info] fatal: not a git repository (or any of the parent directories): .git
2023-10-23 00:17:10.395 [info] > git rev-parse --show-toplevel [2ms]
2023-10-23 00:17:10.396 [info] fatal: not a git repository (or any of the parent directories): .git
2023-10-23 00:17:10.421 [info] > git rev-parse --show-toplevel [2ms]
2023-10-23 00:17:10.421 [info] fatal: not a git repository (or any of the parent directories): .git
2023-10-23 00:17:10.448 [info] > git rev-parse --show-toplevel [3ms]
2023-10-23 00:17:10.449 [info] fatal: not a git repository (or any of the parent directories): .git
2023-10-23 00:17:18.353 [info] > git rev-parse --show-toplevel [8ms]
2023-10-23 00:17:18.353 [info] fatal: not a git repository (or any of the parent directories): .git
2023-10-23 00:37:08.190 [info] > git rev-parse --show-toplevel [24ms]
2023-10-23 00:37:08.191 [info] fatal: not a git repository (or any of the parent directories): .git
