2023-10-08 11:49:27.636 [info] Log level: Info
2023-10-08 11:49:27.639 [info] Validating found git in: "git"
2023-10-08 11:49:27.639 [info] Using git "2.34.1" from "git"
2023-10-08 11:49:27.640 [info] > git rev-parse --show-toplevel [10ms]
2023-10-08 11:49:27.640 [info] fatal: not a git repository (or any of the parent directories): .git
2023-10-08 11:49:27.640 [info] > git rev-parse --show-toplevel [13ms]
2023-10-08 11:49:27.640 [info] fatal: not a git repository (or any of the parent directories): .git
2023-10-08 11:49:27.640 [info] > git rev-parse --show-toplevel [14ms]
2023-10-08 11:49:27.640 [info] fatal: not a git repository (or any of the parent directories): .git
2023-10-08 11:49:27.640 [info] > git rev-parse --show-toplevel [139ms]
2023-10-08 11:49:27.640 [info] fatal: not a git repository (or any of the parent directories): .git
2023-10-08 11:49:27.696 [info] > git rev-parse --show-toplevel [82ms]
2023-10-08 11:49:27.697 [info] fatal: not a git repository (or any of the parent directories): .git
2023-10-08 11:49:27.721 [info] > git rev-parse --show-toplevel [11ms]
2023-10-08 11:49:27.721 [info] fatal: not a git repository (or any of the parent directories): .git
2023-10-08 11:49:27.741 [info] > git rev-parse --show-toplevel [6ms]
2023-10-08 11:49:27.741 [info] fatal: not a git repository (or any of the parent directories): .git
2023-10-08 11:49:27.768 [info] > git rev-parse --show-toplevel [8ms]
2023-10-08 11:49:27.768 [info] fatal: not a git repository (or any of the parent directories): .git
2023-10-08 11:49:27.800 [info] > git rev-parse --show-toplevel [8ms]
2023-10-08 11:49:27.800 [info] fatal: not a git repository (or any of the parent directories): .git
2023-10-08 11:49:27.833 [info] > git rev-parse --show-toplevel [16ms]
2023-10-08 11:49:27.833 [info] fatal: not a git repository (or any of the parent directories): .git
2023-10-08 11:49:27.898 [info] > git rev-parse --show-toplevel [39ms]
2023-10-08 11:49:27.899 [info] fatal: not a git repository (or any of the parent directories): .git
2023-10-08 11:49:29.178 [info] > git rev-parse --show-toplevel [20ms]
2023-10-08 11:49:29.178 [info] fatal: not a git repository (or any of the parent directories): .git
