*
* Visual Studio Code Server
*
* By using the software, you agree to
* the Visual Studio Code Server License Terms (https://aka.ms/vscode-server-license) and
* the Microsoft Privacy Statement (https://privacy.microsoft.com/en-US/privacystatement).
*
Server bound to 127.0.0.1:33395 (IPv4)
Extension host agent listening on 33395

[16:50:19] 




[16:50:19] Extension host agent started.
[16:50:19] [127.0.0.1][7e68be3f][ManagementConnection] New connection established.
[16:50:19] [127.0.0.1][118ad979][ExtensionHostConnection] New connection established.
[16:50:19] [127.0.0.1][118ad979][ExtensionHostConnection] <16336> Launched Extension Host Process.
[16:50:32] [127.0.0.1][7e68be3f][ManagementConnection] The client has disconnected gracefully, so the connection will be disposed.
[16:50:32] [127.0.0.1][118ad979][ExtensionHostConnection] <16336> Extension Host Process exited with code: 0, signal: null.
Cancelling previous shutdown timeout
[16:50:32] Cancelling previous shutdown timeout
Last EH closed, waiting before shutting down
[16:50:32] Last EH closed, waiting before shutting down
Got delay-shutdown request while in shutdown timeout, delaying
[16:50:38] Got delay-shutdown request while in shutdown timeout, delaying
Cancelling previous shutdown timeout
[16:50:38] Cancelling previous shutdown timeout
[16:50:38] [127.0.0.1][0680fb43][ManagementConnection] New connection established.
[16:50:38] [127.0.0.1][1645a4e6][ExtensionHostConnection] New connection established.
[16:50:38] [127.0.0.1][1645a4e6][ExtensionHostConnection] <16491> Launched Extension Host Process.
rejected promise not handled within 1 second: CodeExpectedError: Could not find pty on pty host
stack trace: CodeExpectedError: Could not find pty on pty host
    at A.U (/home/ubuntu/.vscode-server/bin/f1b07bd25dfad64b0167beb15359ae573aecd2cc/out/vs/platform/terminal/node/ptyHostMain.js:44:32246)
    at A.updateTitle (/home/ubuntu/.vscode-server/bin/f1b07bd25dfad64b0167beb15359ae573aecd2cc/out/vs/platform/terminal/node/ptyHostMain.js:44:27446)
    at V.<computed> (/home/ubuntu/.vscode-server/bin/f1b07bd25dfad64b0167beb15359ae573aecd2cc/out/vs/platform/terminal/node/ptyHostMain.js:44:22715)
    at Object.call (/home/ubuntu/.vscode-server/bin/f1b07bd25dfad64b0167beb15359ae573aecd2cc/out/vs/platform/terminal/node/ptyHostMain.js:34:5059)
    at h.s (/home/ubuntu/.vscode-server/bin/f1b07bd25dfad64b0167beb15359ae573aecd2cc/out/vs/platform/terminal/node/ptyHostMain.js:32:5150)
    at h.q (/home/ubuntu/.vscode-server/bin/f1b07bd25dfad64b0167beb15359ae573aecd2cc/out/vs/platform/terminal/node/ptyHostMain.js:32:4661)
    at g.value (/home/ubuntu/.vscode-server/bin/f1b07bd25dfad64b0167beb15359ae573aecd2cc/out/vs/platform/terminal/node/ptyHostMain.js:32:4066)
    at n.z (/home/ubuntu/.vscode-server/bin/f1b07bd25dfad64b0167beb15359ae573aecd2cc/out/vs/platform/terminal/node/ptyHostMain.js:27:1902)
    at n.fire (/home/ubuntu/.vscode-server/bin/f1b07bd25dfad64b0167beb15359ae573aecd2cc/out/vs/platform/terminal/node/ptyHostMain.js:27:2119)
    at process.he (/home/ubuntu/.vscode-server/bin/f1b07bd25dfad64b0167beb15359ae573aecd2cc/out/vs/platform/terminal/node/ptyHostMain.js:25:9949)
    at process.emit (node:events:513:28)
    at emit (node:internal/child_process:937:14)
    at process.processTicksAndRejections (node:internal/process/task_queues:83:21)
[16:50:40] Error [CodeExpectedError]: Could not find pty on pty host
    at A.U (/home/ubuntu/.vscode-server/bin/f1b07bd25dfad64b0167beb15359ae573aecd2cc/out/vs/platform/terminal/node/ptyHostMain.js:44:32246)
    at A.updateTitle (/home/ubuntu/.vscode-server/bin/f1b07bd25dfad64b0167beb15359ae573aecd2cc/out/vs/platform/terminal/node/ptyHostMain.js:44:27446)
    at V.<computed> (/home/ubuntu/.vscode-server/bin/f1b07bd25dfad64b0167beb15359ae573aecd2cc/out/vs/platform/terminal/node/ptyHostMain.js:44:22715)
    at Object.call (/home/ubuntu/.vscode-server/bin/f1b07bd25dfad64b0167beb15359ae573aecd2cc/out/vs/platform/terminal/node/ptyHostMain.js:34:5059)
    at h.s (/home/ubuntu/.vscode-server/bin/f1b07bd25dfad64b0167beb15359ae573aecd2cc/out/vs/platform/terminal/node/ptyHostMain.js:32:5150)
    at h.q (/home/ubuntu/.vscode-server/bin/f1b07bd25dfad64b0167beb15359ae573aecd2cc/out/vs/platform/terminal/node/ptyHostMain.js:32:4661)
    at g.value (/home/ubuntu/.vscode-server/bin/f1b07bd25dfad64b0167beb15359ae573aecd2cc/out/vs/platform/terminal/node/ptyHostMain.js:32:4066)
    at n.z (/home/ubuntu/.vscode-server/bin/f1b07bd25dfad64b0167beb15359ae573aecd2cc/out/vs/platform/terminal/node/ptyHostMain.js:27:1902)
    at n.fire (/home/ubuntu/.vscode-server/bin/f1b07bd25dfad64b0167beb15359ae573aecd2cc/out/vs/platform/terminal/node/ptyHostMain.js:27:2119)
    at process.he (/home/ubuntu/.vscode-server/bin/f1b07bd25dfad64b0167beb15359ae573aecd2cc/out/vs/platform/terminal/node/ptyHostMain.js:25:9949)
    at process.emit (node:events:513:28)
    at emit (node:internal/child_process:937:14)
    at process.processTicksAndRejections (node:internal/process/task_queues:83:21)
[16:53:23] [127.0.0.1][1645a4e6][ExtensionHostConnection] <16491> Extension Host Process exited with code: 0, signal: null.
Cancelling previous shutdown timeout
[16:53:23] Cancelling previous shutdown timeout
Last EH closed, waiting before shutting down
[16:53:23] Last EH closed, waiting before shutting down
Got delay-shutdown request while in shutdown timeout, delaying
[16:53:38] Got delay-shutdown request while in shutdown timeout, delaying
Cancelling previous shutdown timeout
[16:53:38] Cancelling previous shutdown timeout
[16:53:38] [127.0.0.1][3f68701f][ManagementConnection] New connection established.
[16:53:38] [127.0.0.1][d0ed1379][ExtensionHostConnection] New connection established.
[16:53:38] [127.0.0.1][d0ed1379][ExtensionHostConnection] <16709> Launched Extension Host Process.
New EH opened, aborting shutdown
[16:58:38] New EH opened, aborting shutdown
[17:10:48] Getting Manifest... ms-python.python
[17:10:49] Installing extension: ms-python.python
[17:10:49] Getting Manifest... ms-python.vscode-pylance
[17:10:49] Installing extension: ms-python.vscode-pylance ms-python.python
[17:10:51] Extension signature verification failed with error 'ENOENT': ms-python.python
[17:10:55] Extracted extension to file:///home/ubuntu/.vscode-server/extensions/ms-python.python-2023.18.0: ms-python.python
[17:10:55] Renamed to /home/ubuntu/.vscode-server/extensions/ms-python.python-2023.18.0
[17:10:55] Extracting extension completed. ms-python.python
[17:10:56] Extension signature verification failed with error 'ENOENT': ms-python.vscode-pylance
[17:11:04] Extracted extension to file:///home/ubuntu/.vscode-server/extensions/ms-python.vscode-pylance-2023.10.40: ms-python.vscode-pylance
[17:11:04] Renamed to /home/ubuntu/.vscode-server/extensions/ms-python.vscode-pylance-2023.10.40
[17:11:04] Extracting extension completed. ms-python.vscode-pylance
[17:11:04] Extension installed successfully: ms-python.python
[17:11:04] Extension installed successfully: ms-python.vscode-pylance
[19:40:13] [127.0.0.1][875a131b][ManagementConnection] New connection established.
[19:40:13] [127.0.0.1][5350ae4c][ExtensionHostConnection] New connection established.
[19:40:13] [127.0.0.1][5350ae4c][ExtensionHostConnection] <20031> Launched Extension Host Process.
rejected promise not handled within 1 second: CodeExpectedError: Could not find pty on pty host
stack trace: CodeExpectedError: Could not find pty on pty host
    at A.U (/home/ubuntu/.vscode-server/bin/f1b07bd25dfad64b0167beb15359ae573aecd2cc/out/vs/platform/terminal/node/ptyHostMain.js:44:32246)
    at A.updateTitle (/home/ubuntu/.vscode-server/bin/f1b07bd25dfad64b0167beb15359ae573aecd2cc/out/vs/platform/terminal/node/ptyHostMain.js:44:27446)
    at V.<computed> (/home/ubuntu/.vscode-server/bin/f1b07bd25dfad64b0167beb15359ae573aecd2cc/out/vs/platform/terminal/node/ptyHostMain.js:44:22715)
    at Object.call (/home/ubuntu/.vscode-server/bin/f1b07bd25dfad64b0167beb15359ae573aecd2cc/out/vs/platform/terminal/node/ptyHostMain.js:34:5059)
    at h.s (/home/ubuntu/.vscode-server/bin/f1b07bd25dfad64b0167beb15359ae573aecd2cc/out/vs/platform/terminal/node/ptyHostMain.js:32:5150)
    at h.q (/home/ubuntu/.vscode-server/bin/f1b07bd25dfad64b0167beb15359ae573aecd2cc/out/vs/platform/terminal/node/ptyHostMain.js:32:4661)
    at g.value (/home/ubuntu/.vscode-server/bin/f1b07bd25dfad64b0167beb15359ae573aecd2cc/out/vs/platform/terminal/node/ptyHostMain.js:32:4066)
    at n.z (/home/ubuntu/.vscode-server/bin/f1b07bd25dfad64b0167beb15359ae573aecd2cc/out/vs/platform/terminal/node/ptyHostMain.js:27:1902)
    at n.fire (/home/ubuntu/.vscode-server/bin/f1b07bd25dfad64b0167beb15359ae573aecd2cc/out/vs/platform/terminal/node/ptyHostMain.js:27:2119)
    at process.he (/home/ubuntu/.vscode-server/bin/f1b07bd25dfad64b0167beb15359ae573aecd2cc/out/vs/platform/terminal/node/ptyHostMain.js:25:9949)
    at process.emit (node:events:513:28)
    at emit (node:internal/child_process:937:14)
    at process.processTicksAndRejections (node:internal/process/task_queues:83:21)
[19:40:16] Error [CodeExpectedError]: Could not find pty on pty host
    at A.U (/home/ubuntu/.vscode-server/bin/f1b07bd25dfad64b0167beb15359ae573aecd2cc/out/vs/platform/terminal/node/ptyHostMain.js:44:32246)
    at A.updateTitle (/home/ubuntu/.vscode-server/bin/f1b07bd25dfad64b0167beb15359ae573aecd2cc/out/vs/platform/terminal/node/ptyHostMain.js:44:27446)
    at V.<computed> (/home/ubuntu/.vscode-server/bin/f1b07bd25dfad64b0167beb15359ae573aecd2cc/out/vs/platform/terminal/node/ptyHostMain.js:44:22715)
    at Object.call (/home/ubuntu/.vscode-server/bin/f1b07bd25dfad64b0167beb15359ae573aecd2cc/out/vs/platform/terminal/node/ptyHostMain.js:34:5059)
    at h.s (/home/ubuntu/.vscode-server/bin/f1b07bd25dfad64b0167beb15359ae573aecd2cc/out/vs/platform/terminal/node/ptyHostMain.js:32:5150)
    at h.q (/home/ubuntu/.vscode-server/bin/f1b07bd25dfad64b0167beb15359ae573aecd2cc/out/vs/platform/terminal/node/ptyHostMain.js:32:4661)
    at g.value (/home/ubuntu/.vscode-server/bin/f1b07bd25dfad64b0167beb15359ae573aecd2cc/out/vs/platform/terminal/node/ptyHostMain.js:32:4066)
    at n.z (/home/ubuntu/.vscode-server/bin/f1b07bd25dfad64b0167beb15359ae573aecd2cc/out/vs/platform/terminal/node/ptyHostMain.js:27:1902)
    at n.fire (/home/ubuntu/.vscode-server/bin/f1b07bd25dfad64b0167beb15359ae573aecd2cc/out/vs/platform/terminal/node/ptyHostMain.js:27:2119)
    at process.he (/home/ubuntu/.vscode-server/bin/f1b07bd25dfad64b0167beb15359ae573aecd2cc/out/vs/platform/terminal/node/ptyHostMain.js:25:9949)
    at process.emit (node:events:513:28)
    at emit (node:internal/child_process:937:14)
    at process.processTicksAndRejections (node:internal/process/task_queues:83:21)
rejected promise not handled within 1 second: CodeExpectedError: Could not find pty on pty host
stack trace: CodeExpectedError: Could not find pty on pty host
    at A.U (/home/ubuntu/.vscode-server/bin/f1b07bd25dfad64b0167beb15359ae573aecd2cc/out/vs/platform/terminal/node/ptyHostMain.js:44:32246)
    at A.updateIcon (/home/ubuntu/.vscode-server/bin/f1b07bd25dfad64b0167beb15359ae573aecd2cc/out/vs/platform/terminal/node/ptyHostMain.js:44:27496)
    at V.<computed> (/home/ubuntu/.vscode-server/bin/f1b07bd25dfad64b0167beb15359ae573aecd2cc/out/vs/platform/terminal/node/ptyHostMain.js:44:22715)
    at Object.call (/home/ubuntu/.vscode-server/bin/f1b07bd25dfad64b0167beb15359ae573aecd2cc/out/vs/platform/terminal/node/ptyHostMain.js:34:5059)
    at h.s (/home/ubuntu/.vscode-server/bin/f1b07bd25dfad64b0167beb15359ae573aecd2cc/out/vs/platform/terminal/node/ptyHostMain.js:32:5150)
    at h.q (/home/ubuntu/.vscode-server/bin/f1b07bd25dfad64b0167beb15359ae573aecd2cc/out/vs/platform/terminal/node/ptyHostMain.js:32:4661)
    at g.value (/home/ubuntu/.vscode-server/bin/f1b07bd25dfad64b0167beb15359ae573aecd2cc/out/vs/platform/terminal/node/ptyHostMain.js:32:4066)
    at n.z (/home/ubuntu/.vscode-server/bin/f1b07bd25dfad64b0167beb15359ae573aecd2cc/out/vs/platform/terminal/node/ptyHostMain.js:27:1902)
    at n.fire (/home/ubuntu/.vscode-server/bin/f1b07bd25dfad64b0167beb15359ae573aecd2cc/out/vs/platform/terminal/node/ptyHostMain.js:27:2119)
    at process.he (/home/ubuntu/.vscode-server/bin/f1b07bd25dfad64b0167beb15359ae573aecd2cc/out/vs/platform/terminal/node/ptyHostMain.js:25:9949)
    at process.emit (node:events:513:28)
    at emit (node:internal/child_process:937:14)
    at process.processTicksAndRejections (node:internal/process/task_queues:83:21)
[19:40:16] Error [CodeExpectedError]: Could not find pty on pty host
    at A.U (/home/ubuntu/.vscode-server/bin/f1b07bd25dfad64b0167beb15359ae573aecd2cc/out/vs/platform/terminal/node/ptyHostMain.js:44:32246)
    at A.updateIcon (/home/ubuntu/.vscode-server/bin/f1b07bd25dfad64b0167beb15359ae573aecd2cc/out/vs/platform/terminal/node/ptyHostMain.js:44:27496)
    at V.<computed> (/home/ubuntu/.vscode-server/bin/f1b07bd25dfad64b0167beb15359ae573aecd2cc/out/vs/platform/terminal/node/ptyHostMain.js:44:22715)
    at Object.call (/home/ubuntu/.vscode-server/bin/f1b07bd25dfad64b0167beb15359ae573aecd2cc/out/vs/platform/terminal/node/ptyHostMain.js:34:5059)
    at h.s (/home/ubuntu/.vscode-server/bin/f1b07bd25dfad64b0167beb15359ae573aecd2cc/out/vs/platform/terminal/node/ptyHostMain.js:32:5150)
    at h.q (/home/ubuntu/.vscode-server/bin/f1b07bd25dfad64b0167beb15359ae573aecd2cc/out/vs/platform/terminal/node/ptyHostMain.js:32:4661)
    at g.value (/home/ubuntu/.vscode-server/bin/f1b07bd25dfad64b0167beb15359ae573aecd2cc/out/vs/platform/terminal/node/ptyHostMain.js:32:4066)
    at n.z (/home/ubuntu/.vscode-server/bin/f1b07bd25dfad64b0167beb15359ae573aecd2cc/out/vs/platform/terminal/node/ptyHostMain.js:27:1902)
    at n.fire (/home/ubuntu/.vscode-server/bin/f1b07bd25dfad64b0167beb15359ae573aecd2cc/out/vs/platform/terminal/node/ptyHostMain.js:27:2119)
    at process.he (/home/ubuntu/.vscode-server/bin/f1b07bd25dfad64b0167beb15359ae573aecd2cc/out/vs/platform/terminal/node/ptyHostMain.js:25:9949)
    at process.emit (node:events:513:28)
    at emit (node:internal/child_process:937:14)
    at process.processTicksAndRejections (node:internal/process/task_queues:83:21)
[19:45:14] [127.0.0.1][d0ed1379][ExtensionHostConnection] <16709> Extension Host Process exited with code: 0, signal: null.
[20:36:36] [File Watcher (node.js)] Watcher shutdown because watched path got deleted
[20:36:36] [File Watcher (node.js)] Watcher shutdown because watched path got deleted
[20:36:36] [File Watcher (node.js)] Watcher shutdown because watched path got deleted
[20:36:36] [File Watcher (node.js)] Watcher shutdown because watched path got deleted
